{"C:\\Users\\tukue\\SearchEngineAalyzer\\server\\index.ts": {"path":"C:\\Users\\tukue\\SearchEngineAalyzer\\server\\index.ts","statementMap":{"0":{"start":{"line":5,"column":12},"end":{"line":5,"column":21}},"1":{"start":{"line":6,"column":0},"end":{"line":6,"column":24}},"2":{"start":{"line":7,"column":0},"end":{"line":7,"column":49}},"3":{"start":{"line":9,"column":0},"end":{"line":37,"column":3}},"4":{"start":{"line":10,"column":16},"end":{"line":10,"column":26}},"5":{"start":{"line":11,"column":15},"end":{"line":11,"column":23}},"6":{"start":{"line":12,"column":62},"end":{"line":12,"column":71}},"7":{"start":{"line":14,"column":26},"end":{"line":14,"column":34}},"8":{"start":{"line":15,"column":2},"end":{"line":18,"column":4}},"9":{"start":{"line":16,"column":4},"end":{"line":16,"column":36}},"10":{"start":{"line":17,"column":4},"end":{"line":17,"column":59}},"11":{"start":{"line":20,"column":2},"end":{"line":34,"column":5}},"12":{"start":{"line":21,"column":21},"end":{"line":21,"column":39}},"13":{"start":{"line":22,"column":4},"end":{"line":33,"column":5}},"14":{"start":{"line":23,"column":20},"end":{"line":23,"column":78}},"15":{"start":{"line":24,"column":6},"end":{"line":26,"column":7}},"16":{"start":{"line":25,"column":8},"end":{"line":25,"column":65}},"17":{"start":{"line":28,"column":6},"end":{"line":30,"column":7}},"18":{"start":{"line":29,"column":8},"end":{"line":29,"column":45}},"19":{"start":{"line":32,"column":6},"end":{"line":32,"column":19}},"20":{"start":{"line":36,"column":2},"end":{"line":36,"column":9}},"21":{"start":{"line":39,"column":0},"end":{"line":66,"column":5}},"22":{"start":{"line":39,"column":12},"end":{"line":66,"column":2}},"23":{"start":{"line":40,"column":17},"end":{"line":40,"column":42}},"24":{"start":{"line":42,"column":2},"end":{"line":48,"column":5}},"25":{"start":{"line":43,"column":19},"end":{"line":43,"column":54}},"26":{"start":{"line":44,"column":20},"end":{"line":44,"column":58}},"27":{"start":{"line":46,"column":4},"end":{"line":46,"column":41}},"28":{"start":{"line":47,"column":4},"end":{"line":47,"column":14}},"29":{"start":{"line":53,"column":2},"end":{"line":57,"column":3}},"30":{"start":{"line":54,"column":4},"end":{"line":54,"column":33}},"31":{"start":{"line":56,"column":4},"end":{"line":56,"column":21}},"32":{"start":{"line":62,"column":15},"end":{"line":62,"column":39}},"33":{"start":{"line":63,"column":2},"end":{"line":65,"column":5}},"34":{"start":{"line":64,"column":4},"end":{"line":64,"column":42}}},"fnMap":{"0":{"name":"(anonymous_7)","decl":{"start":{"line":9,"column":8},"end":{"line":9,"column":9}},"loc":{"start":{"line":9,"column":27},"end":{"line":37,"column":1}}},"1":{"name":"(anonymous_8)","decl":{"start":{"line":15,"column":13},"end":{"line":15,"column":23}},"loc":{"start":{"line":15,"column":40},"end":{"line":18,"column":3}}},"2":{"name":"(anonymous_9)","decl":{"start":{"line":20,"column":19},"end":{"line":20,"column":22}},"loc":{"start":{"line":20,"column":24},"end":{"line":34,"column":3}}},"3":{"name":"(anonymous_10)","decl":{"start":{"line":39,"column":1},"end":{"line":39,"column":10}},"loc":{"start":{"line":39,"column":12},"end":{"line":66,"column":2}}},"4":{"name":"(anonymous_11)","decl":{"start":{"line":39,"column":12},"end":{"line":39,"column":null}},"loc":{"start":{"line":39,"column":12},"end":{"line":66,"column":1}}},"5":{"name":"(anonymous_12)","decl":{"start":{"line":42,"column":10},"end":{"line":42,"column":11}},"loc":{"start":{"line":42,"column":74},"end":{"line":48,"column":3}}},"6":{"name":"(anonymous_13)","decl":{"start":{"line":63,"column":22},"end":{"line":63,"column":25}},"loc":{"start":{"line":63,"column":27},"end":{"line":65,"column":3}}}},"branchMap":{"0":{"loc":{"start":{"line":22,"column":4},"end":{"line":33,"column":5}},"type":"if","locations":[{"start":{"line":22,"column":4},"end":{"line":33,"column":5}}]},"1":{"loc":{"start":{"line":24,"column":6},"end":{"line":26,"column":7}},"type":"if","locations":[{"start":{"line":24,"column":6},"end":{"line":26,"column":7}}]},"2":{"loc":{"start":{"line":28,"column":6},"end":{"line":30,"column":7}},"type":"if","locations":[{"start":{"line":28,"column":6},"end":{"line":30,"column":7}}]},"3":{"loc":{"start":{"line":43,"column":19},"end":{"line":43,"column":54}},"type":"binary-expr","locations":[{"start":{"line":43,"column":19},"end":{"line":43,"column":29}},{"start":{"line":43,"column":33},"end":{"line":43,"column":47}},{"start":{"line":43,"column":51},"end":{"line":43,"column":54}}]},"4":{"loc":{"start":{"line":44,"column":20},"end":{"line":44,"column":58}},"type":"binary-expr","locations":[{"start":{"line":44,"column":20},"end":{"line":44,"column":31}},{"start":{"line":44,"column":35},"end":{"line":44,"column":58}}]},"5":{"loc":{"start":{"line":53,"column":2},"end":{"line":57,"column":3}},"type":"if","locations":[{"start":{"line":53,"column":2},"end":{"line":57,"column":3}},{"start":{"line":55,"column":9},"end":{"line":57,"column":3}}]},"6":{"loc":{"start":{"line":62,"column":15},"end":{"line":62,"column":39}},"type":"binary-expr","locations":[{"start":{"line":62,"column":15},"end":{"line":62,"column":31}},{"start":{"line":62,"column":35},"end":{"line":62,"column":39}}]}},"s":{"0":0,"1":0,"2":0,"3":0,"4":0,"5":0,"6":0,"7":0,"8":0,"9":0,"10":0,"11":0,"12":0,"13":0,"14":0,"15":0,"16":0,"17":0,"18":0,"19":0,"20":0,"21":0,"22":0,"23":0,"24":0,"25":0,"26":0,"27":0,"28":0,"29":0,"30":0,"31":0,"32":0,"33":0,"34":0},"f":{"0":0,"1":0,"2":0,"3":0,"4":0,"5":0,"6":0},"b":{"0":[0],"1":[0],"2":[0],"3":[0,0,0],"4":[0,0],"5":[0,0],"6":[0,0]}}
,"C:\\Users\\tukue\\SearchEngineAalyzer\\server\\plan-gating.ts": {"path":"C:\\Users\\tukue\\SearchEngineAalyzer\\server\\plan-gating.ts","statementMap":{"0":{"start":{"line":7,"column":23},"end":{"line":7,"column":55}},"1":{"start":{"line":8,"column":4},"end":{"line":8,"column":42}},"2":{"start":{"line":12,"column":23},"end":{"line":12,"column":55}},"3":{"start":{"line":13,"column":4},"end":{"line":13,"column":39}},"4":{"start":{"line":17,"column":4},"end":{"line":23,"column":6}},"5":{"start":{"line":27,"column":4},"end":{"line":32,"column":6}},"6":{"start":{"line":38,"column":2},"end":{"line":54,"column":4}},"7":{"start":{"line":39,"column":26},"end":{"line":39,"column":60}},"8":{"start":{"line":41,"column":4},"end":{"line":43,"column":5}},"9":{"start":{"line":42,"column":6},"end":{"line":42,"column":74}},"10":{"start":{"line":45,"column":4},"end":{"line":51,"column":5}},"11":{"start":{"line":46,"column":20},"end":{"line":48,"column":null}},"12":{"start":{"line":50,"column":6},"end":{"line":50,"column":41}},"13":{"start":{"line":53,"column":4},"end":{"line":53,"column":11}},"14":{"start":{"line":59,"column":2},"end":{"line":78,"column":4}},"15":{"start":{"line":59,"column":67},"end":{"line":78,"column":4}},"16":{"start":{"line":60,"column":26},"end":{"line":60,"column":60}},"17":{"start":{"line":62,"column":4},"end":{"line":64,"column":5}},"18":{"start":{"line":63,"column":6},"end":{"line":63,"column":74}},"19":{"start":{"line":66,"column":18},"end":{"line":66,"column":75}},"20":{"start":{"line":67,"column":25},"end":{"line":67,"column":81}},"21":{"start":{"line":69,"column":4},"end":{"line":75,"column":5}},"22":{"start":{"line":70,"column":20},"end":{"line":72,"column":null}},"23":{"start":{"line":74,"column":6},"end":{"line":74,"column":41}},"24":{"start":{"line":77,"column":4},"end":{"line":77,"column":11}},"25":{"start":{"line":85,"column":2},"end":{"line":85,"column":11}}},"fnMap":{"0":{"name":"(anonymous_7)","decl":{"start":{"line":6,"column":2},"end":{"line":6,"column":8}},"loc":{"start":{"line":6,"column":95},"end":{"line":9,"column":3}}},"1":{"name":"(anonymous_8)","decl":{"start":{"line":11,"column":2},"end":{"line":11,"column":8}},"loc":{"start":{"line":11,"column":90},"end":{"line":14,"column":3}}},"2":{"name":"(anonymous_9)","decl":{"start":{"line":16,"column":2},"end":{"line":16,"column":8}},"loc":{"start":{"line":16,"column":84},"end":{"line":24,"column":3}}},"3":{"name":"(anonymous_10)","decl":{"start":{"line":26,"column":2},"end":{"line":26,"column":8}},"loc":{"start":{"line":26,"column":62},"end":{"line":33,"column":3}}},"4":{"name":"requireEntitlement","decl":{"start":{"line":37,"column":16},"end":{"line":37,"column":34}},"loc":{"start":{"line":37,"column":74},"end":{"line":55,"column":1}}},"5":{"name":"(anonymous_12)","decl":{"start":{"line":38,"column":9},"end":{"line":38,"column":10}},"loc":{"start":{"line":38,"column":61},"end":{"line":54,"column":3}}},"6":{"name":"checkQuota","decl":{"start":{"line":58,"column":16},"end":{"line":58,"column":26}},"loc":{"start":{"line":58,"column":57},"end":{"line":79,"column":1}}},"7":{"name":"(anonymous_14)","decl":{"start":{"line":59,"column":9},"end":{"line":59,"column":16}},"loc":{"start":{"line":59,"column":67},"end":{"line":78,"column":4}}},"8":{"name":"(anonymous_15)","decl":{"start":{"line":59,"column":67},"end":{"line":59,"column":null}},"loc":{"start":{"line":59,"column":67},"end":{"line":78,"column":3}}},"9":{"name":"getCurrentUsage","decl":{"start":{"line":82,"column":15},"end":{"line":82,"column":30}},"loc":{"start":{"line":82,"column":66},"end":{"line":86,"column":null}}}},"branchMap":{"0":{"loc":{"start":{"line":21,"column":20},"end":{"line":21,"column":41}},"type":"binary-expr","locations":[{"start":{"line":21,"column":20},"end":{"line":21,"column":32}},{"start":{"line":21,"column":36},"end":{"line":21,"column":41}}]},"1":{"loc":{"start":{"line":22,"column":38},"end":{"line":22,"column":59}},"type":"binary-expr","locations":[{"start":{"line":22,"column":38},"end":{"line":22,"column":50}},{"start":{"line":22,"column":54},"end":{"line":22,"column":59}}]},"2":{"loc":{"start":{"line":41,"column":4},"end":{"line":43,"column":5}},"type":"if","locations":[{"start":{"line":41,"column":4},"end":{"line":43,"column":5}}]},"3":{"loc":{"start":{"line":45,"column":4},"end":{"line":51,"column":5}},"type":"if","locations":[{"start":{"line":45,"column":4},"end":{"line":51,"column":5}}]},"4":{"loc":{"start":{"line":62,"column":4},"end":{"line":64,"column":5}},"type":"if","locations":[{"start":{"line":62,"column":4},"end":{"line":64,"column":5}}]},"5":{"loc":{"start":{"line":69,"column":4},"end":{"line":75,"column":5}},"type":"if","locations":[{"start":{"line":69,"column":4},"end":{"line":75,"column":5}}]}},"s":{"0":0,"1":0,"2":0,"3":0,"4":0,"5":0,"6":0,"7":0,"8":0,"9":0,"10":0,"11":0,"12":0,"13":0,"14":0,"15":0,"16":0,"17":0,"18":0,"19":0,"20":0,"21":0,"22":0,"23":0,"24":0,"25":0},"f":{"0":0,"1":0,"2":0,"3":0,"4":0,"5":0,"6":0,"7":0,"8":0,"9":0},"b":{"0":[0,0],"1":[0,0],"2":[0],"3":[0],"4":[0],"5":[0]}}
,"C:\\Users\\tukue\\SearchEngineAalyzer\\server\\routes.ts": {"path":"C:\\Users\\tukue\\SearchEngineAalyzer\\server\\routes.ts","statementMap":{"0":{"start":{"line":14,"column":20},"end":{"line":14,"column":36}},"1":{"start":{"line":17,"column":2},"end":{"line":24,"column":5}},"2":{"start":{"line":17,"column":41},"end":{"line":24,"column":4}},"3":{"start":{"line":18,"column":4},"end":{"line":23,"column":5}},"4":{"start":{"line":19,"column":6},"end":{"line":19,"column":58}},"5":{"start":{"line":20,"column":6},"end":{"line":20,"column":13}},"6":{"start":{"line":22,"column":6},"end":{"line":22,"column":73}},"7":{"start":{"line":27,"column":2},"end":{"line":34,"column":5}},"8":{"start":{"line":28,"column":4},"end":{"line":33,"column":7}},"9":{"start":{"line":37,"column":2},"end":{"line":46,"column":5}},"10":{"start":{"line":38,"column":26},"end":{"line":38,"column":60}},"11":{"start":{"line":39,"column":23},"end":{"line":39,"column":55}},"12":{"start":{"line":41,"column":4},"end":{"line":45,"column":7}},"13":{"start":{"line":49,"column":2},"end":{"line":65,"column":5}},"14":{"start":{"line":49,"column":47},"end":{"line":65,"column":4}},"15":{"start":{"line":50,"column":4},"end":{"line":64,"column":5}},"16":{"start":{"line":51,"column":28},"end":{"line":51,"column":62}},"17":{"start":{"line":52,"column":27},"end":{"line":52,"column":89}},"18":{"start":{"line":54,"column":22},"end":{"line":54,"column":92}},"19":{"start":{"line":56,"column":6},"end":{"line":60,"column":9}},"20":{"start":{"line":62,"column":6},"end":{"line":62,"column":54}},"21":{"start":{"line":63,"column":6},"end":{"line":63,"column":76}},"22":{"start":{"line":68,"column":2},"end":{"line":93,"column":5}},"23":{"start":{"line":68,"column":89},"end":{"line":93,"column":4}},"24":{"start":{"line":69,"column":4},"end":{"line":92,"column":5}},"25":{"start":{"line":70,"column":28},"end":{"line":70,"column":62}},"26":{"start":{"line":71,"column":25},"end":{"line":71,"column":48}},"27":{"start":{"line":72,"column":21},"end":{"line":72,"column":46}},"28":{"start":{"line":74,"column":23},"end":{"line":74,"column":84}},"29":{"start":{"line":75,"column":6},"end":{"line":77,"column":7}},"30":{"start":{"line":76,"column":8},"end":{"line":76,"column":71}},"31":{"start":{"line":80,"column":6},"end":{"line":80,"column":69}},"32":{"start":{"line":84,"column":6},"end":{"line":88,"column":9}},"33":{"start":{"line":90,"column":6},"end":{"line":90,"column":56}},"34":{"start":{"line":91,"column":6},"end":{"line":91,"column":69}},"35":{"start":{"line":96,"column":2},"end":{"line":410,"column":5}},"36":{"start":{"line":96,"column":81},"end":{"line":410,"column":4}},"37":{"start":{"line":97,"column":4},"end":{"line":409,"column":5}},"38":{"start":{"line":99,"column":22},"end":{"line":99,"column":47}},"39":{"start":{"line":101,"column":26},"end":{"line":101,"column":29}},"40":{"start":{"line":102,"column":6},"end":{"line":104,"column":7}},"41":{"start":{"line":103,"column":8},"end":{"line":103,"column":51}},"42":{"start":{"line":108,"column":6},"end":{"line":124,"column":7}},"43":{"start":{"line":109,"column":8},"end":{"line":113,"column":11}},"44":{"start":{"line":115,"column":8},"end":{"line":119,"column":9}},"45":{"start":{"line":116,"column":10},"end":{"line":118,"column":13}},"46":{"start":{"line":121,"column":8},"end":{"line":123,"column":11}},"47":{"start":{"line":126,"column":19},"end":{"line":126,"column":40}},"48":{"start":{"line":129,"column":16},"end":{"line":129,"column":34}},"49":{"start":{"line":132,"column":31},"end":{"line":132,"column":92}},"50":{"start":{"line":133,"column":34},"end":{"line":133,"column":170}},"51":{"start":{"line":134,"column":37},"end":{"line":134,"column":109}},"52":{"start":{"line":137,"column":21},"end":{"line":137,"column":22}},"53":{"start":{"line":138,"column":24},"end":{"line":138,"column":25}},"54":{"start":{"line":139,"column":27},"end":{"line":139,"column":28}},"55":{"start":{"line":140,"column":25},"end":{"line":140,"column":26}},"56":{"start":{"line":143,"column":35},"end":{"line":143,"column":37}},"57":{"start":{"line":146,"column":23},"end":{"line":146,"column":48}},"58":{"start":{"line":147,"column":6},"end":{"line":163,"column":7}},"59":{"start":{"line":148,"column":8},"end":{"line":153,"column":11}},"60":{"start":{"line":154,"column":8},"end":{"line":154,"column":19}},"61":{"start":{"line":156,"column":8},"end":{"line":161,"column":11}},"62":{"start":{"line":162,"column":8},"end":{"line":162,"column":23}},"63":{"start":{"line":166,"column":28},"end":{"line":166,"column":67}},"64":{"start":{"line":167,"column":6},"end":{"line":183,"column":7}},"65":{"start":{"line":168,"column":8},"end":{"line":173,"column":11}},"66":{"start":{"line":174,"column":8},"end":{"line":174,"column":19}},"67":{"start":{"line":176,"column":8},"end":{"line":181,"column":11}},"68":{"start":{"line":182,"column":8},"end":{"line":182,"column":23}},"69":{"start":{"line":186,"column":6},"end":{"line":221,"column":9}},"70":{"start":{"line":187,"column":21},"end":{"line":187,"column":41}},"71":{"start":{"line":188,"column":25},"end":{"line":188,"column":49}},"72":{"start":{"line":189,"column":26},"end":{"line":189,"column":52}},"73":{"start":{"line":190,"column":24},"end":{"line":190,"column":47}},"74":{"start":{"line":191,"column":24},"end":{"line":191,"column":53}},"75":{"start":{"line":193,"column":22},"end":{"line":193,"column":64}},"76":{"start":{"line":194,"column":22},"end":{"line":194,"column":33}},"77":{"start":{"line":197,"column":8},"end":{"line":210,"column":9}},"78":{"start":{"line":198,"column":10},"end":{"line":198,"column":26}},"79":{"start":{"line":199,"column":10},"end":{"line":199,"column":21}},"80":{"start":{"line":200,"column":15},"end":{"line":210,"column":9}},"81":{"start":{"line":201,"column":10},"end":{"line":201,"column":29}},"82":{"start":{"line":202,"column":10},"end":{"line":202,"column":24}},"83":{"start":{"line":203,"column":15},"end":{"line":210,"column":9}},"84":{"start":{"line":204,"column":10},"end":{"line":204,"column":32}},"85":{"start":{"line":205,"column":10},"end":{"line":205,"column":27}},"86":{"start":{"line":206,"column":15},"end":{"line":210,"column":9}},"87":{"start":{"line":208,"column":10},"end":{"line":208,"column":26}},"88":{"start":{"line":209,"column":10},"end":{"line":209,"column":21}},"89":{"start":{"line":212,"column":8},"end":{"line":220,"column":11}},"90":{"start":{"line":224,"column":37},"end":{"line":224,"column":39}},"91":{"start":{"line":227,"column":24},"end":{"line":232,"column":7}},"92":{"start":{"line":228,"column":8},"end":{"line":231,"column":10}},"93":{"start":{"line":229,"column":11},"end":{"line":230,"column":55}},"94":{"start":{"line":235,"column":6},"end":{"line":278,"column":9}},"95":{"start":{"line":236,"column":8},"end":{"line":277,"column":9}},"96":{"start":{"line":237,"column":10},"end":{"line":242,"column":13}},"97":{"start":{"line":243,"column":10},"end":{"line":243,"column":25}},"98":{"start":{"line":246,"column":24},"end":{"line":246,"column":26}},"99":{"start":{"line":247,"column":28},"end":{"line":247,"column":30}},"100":{"start":{"line":249,"column":10},"end":{"line":270,"column":11}},"101":{"start":{"line":251,"column":14},"end":{"line":251,"column":77}},"102":{"start":{"line":252,"column":14},"end":{"line":252,"column":130}},"103":{"start":{"line":253,"column":14},"end":{"line":253,"column":20}},"104":{"start":{"line":255,"column":14},"end":{"line":255,"column":104}},"105":{"start":{"line":256,"column":14},"end":{"line":256,"column":107}},"106":{"start":{"line":257,"column":14},"end":{"line":257,"column":20}},"107":{"start":{"line":259,"column":14},"end":{"line":259,"column":88}},"108":{"start":{"line":260,"column":14},"end":{"line":260,"column":113}},"109":{"start":{"line":261,"column":14},"end":{"line":261,"column":20}},"110":{"start":{"line":263,"column":14},"end":{"line":263,"column":95}},"111":{"start":{"line":264,"column":14},"end":{"line":264,"column":136}},"112":{"start":{"line":265,"column":14},"end":{"line":265,"column":20}},"113":{"start":{"line":267,"column":14},"end":{"line":267,"column":81}},"114":{"start":{"line":268,"column":14},"end":{"line":268,"column":130}},"115":{"start":{"line":269,"column":14},"end":{"line":269,"column":20}},"116":{"start":{"line":272,"column":10},"end":{"line":276,"column":13}},"117":{"start":{"line":281,"column":6},"end":{"line":327,"column":9}},"118":{"start":{"line":282,"column":8},"end":{"line":326,"column":9}},"119":{"start":{"line":283,"column":10},"end":{"line":289,"column":13}},"120":{"start":{"line":290,"column":10},"end":{"line":290,"column":25}},"121":{"start":{"line":293,"column":10},"end":{"line":325,"column":11}},"122":{"start":{"line":294,"column":26},"end":{"line":294,"column":28}},"123":{"start":{"line":295,"column":30},"end":{"line":295,"column":32}},"124":{"start":{"line":297,"column":12},"end":{"line":318,"column":13}},"125":{"start":{"line":299,"column":16},"end":{"line":299,"column":81}},"126":{"start":{"line":300,"column":16},"end":{"line":300,"column":118}},"127":{"start":{"line":301,"column":16},"end":{"line":301,"column":22}},"128":{"start":{"line":303,"column":16},"end":{"line":303,"column":118}},"129":{"start":{"line":304,"column":16},"end":{"line":304,"column":94}},"130":{"start":{"line":305,"column":16},"end":{"line":305,"column":22}},"131":{"start":{"line":307,"column":16},"end":{"line":307,"column":95}},"132":{"start":{"line":308,"column":16},"end":{"line":308,"column":107}},"133":{"start":{"line":309,"column":16},"end":{"line":309,"column":22}},"134":{"start":{"line":311,"column":16},"end":{"line":311,"column":85}},"135":{"start":{"line":312,"column":16},"end":{"line":312,"column":108}},"136":{"start":{"line":313,"column":16},"end":{"line":313,"column":22}},"137":{"start":{"line":315,"column":16},"end":{"line":315,"column":96}},"138":{"start":{"line":316,"column":16},"end":{"line":316,"column":99}},"139":{"start":{"line":317,"column":16},"end":{"line":317,"column":22}},"140":{"start":{"line":320,"column":12},"end":{"line":324,"column":15}},"141":{"start":{"line":330,"column":6},"end":{"line":365,"column":9}},"142":{"start":{"line":331,"column":8},"end":{"line":364,"column":9}},"143":{"start":{"line":332,"column":10},"end":{"line":339,"column":13}},"144":{"start":{"line":340,"column":10},"end":{"line":340,"column":25}},"145":{"start":{"line":343,"column":10},"end":{"line":363,"column":11}},"146":{"start":{"line":344,"column":26},"end":{"line":344,"column":28}},"147":{"start":{"line":345,"column":30},"end":{"line":345,"column":32}},"148":{"start":{"line":347,"column":12},"end":{"line":356,"column":13}},"149":{"start":{"line":349,"column":16},"end":{"line":349,"column":73}},"150":{"start":{"line":350,"column":16},"end":{"line":350,"column":103}},"151":{"start":{"line":351,"column":16},"end":{"line":351,"column":22}},"152":{"start":{"line":353,"column":16},"end":{"line":353,"column":51}},"153":{"start":{"line":354,"column":16},"end":{"line":354,"column":88}},"154":{"start":{"line":355,"column":16},"end":{"line":355,"column":22}},"155":{"start":{"line":358,"column":12},"end":{"line":362,"column":15}},"156":{"start":{"line":368,"column":33},"end":{"line":370,"column":109}},"157":{"start":{"line":369,"column":65},"end":{"line":369,"column":135}},"158":{"start":{"line":370,"column":68},"end":{"line":370,"column":101}},"159":{"start":{"line":372,"column":35},"end":{"line":372,"column":68}},"160":{"start":{"line":373,"column":26},"end":{"line":373,"column":87}},"161":{"start":{"line":376,"column":24},"end":{"line":376,"column":44}},"162":{"start":{"line":378,"column":29},"end":{"line":392,"column":8}},"163":{"start":{"line":395,"column":28},"end":{"line":395,"column":62}},"164":{"start":{"line":396,"column":29},"end":{"line":396,"column":97}},"165":{"start":{"line":399,"column":6},"end":{"line":399,"column":68}},"166":{"start":{"line":401,"column":6},"end":{"line":401,"column":31}},"167":{"start":{"line":403,"column":6},"end":{"line":406,"column":7}},"168":{"start":{"line":404,"column":32},"end":{"line":404,"column":51}},"169":{"start":{"line":405,"column":8},"end":{"line":405,"column":98}},"170":{"start":{"line":407,"column":6},"end":{"line":407,"column":55}},"171":{"start":{"line":408,"column":6},"end":{"line":408,"column":69}},"172":{"start":{"line":412,"column":2},"end":{"line":412,"column":29}},"173":{"start":{"line":414,"column":21},"end":{"line":414,"column":38}},"174":{"start":{"line":415,"column":2},"end":{"line":415,"column":20}}},"fnMap":{"0":{"name":"registerRoutes","decl":{"start":{"line":12,"column":22},"end":{"line":12,"column":36}},"loc":{"start":{"line":12,"column":49},"end":{"line":416,"column":null}}},"1":{"name":"(anonymous_9)","decl":{"start":{"line":17,"column":16},"end":{"line":17,"column":23}},"loc":{"start":{"line":17,"column":41},"end":{"line":24,"column":4}}},"2":{"name":"(anonymous_10)","decl":{"start":{"line":17,"column":41},"end":{"line":17,"column":null}},"loc":{"start":{"line":17,"column":41},"end":{"line":24,"column":3}}},"3":{"name":"(anonymous_11)","decl":{"start":{"line":27,"column":27},"end":{"line":27,"column":28}},"loc":{"start":{"line":27,"column":40},"end":{"line":34,"column":3}}},"4":{"name":"(anonymous_12)","decl":{"start":{"line":37,"column":25},"end":{"line":37,"column":26}},"loc":{"start":{"line":37,"column":38},"end":{"line":46,"column":3}}},"5":{"name":"(anonymous_13)","decl":{"start":{"line":49,"column":28},"end":{"line":49,"column":35}},"loc":{"start":{"line":49,"column":47},"end":{"line":65,"column":4}}},"6":{"name":"(anonymous_14)","decl":{"start":{"line":49,"column":47},"end":{"line":49,"column":null}},"loc":{"start":{"line":49,"column":47},"end":{"line":65,"column":3}}},"7":{"name":"(anonymous_15)","decl":{"start":{"line":68,"column":70},"end":{"line":68,"column":77}},"loc":{"start":{"line":68,"column":89},"end":{"line":93,"column":4}}},"8":{"name":"(anonymous_16)","decl":{"start":{"line":68,"column":89},"end":{"line":68,"column":null}},"loc":{"start":{"line":68,"column":89},"end":{"line":93,"column":3}}},"9":{"name":"(anonymous_17)","decl":{"start":{"line":96,"column":62},"end":{"line":96,"column":69}},"loc":{"start":{"line":96,"column":81},"end":{"line":410,"column":4}}},"10":{"name":"(anonymous_18)","decl":{"start":{"line":96,"column":81},"end":{"line":96,"column":null}},"loc":{"start":{"line":96,"column":81},"end":{"line":410,"column":3}}},"11":{"name":"(anonymous_19)","decl":{"start":{"line":186,"column":21},"end":{"line":186,"column":22}},"loc":{"start":{"line":186,"column":33},"end":{"line":221,"column":7}}},"12":{"name":"(anonymous_20)","decl":{"start":{"line":227,"column":24},"end":{"line":227,"column":25}},"loc":{"start":{"line":227,"column":44},"end":{"line":232,"column":7}}},"13":{"name":"(anonymous_21)","decl":{"start":{"line":228,"column":34},"end":{"line":228,"column":37}},"loc":{"start":{"line":229,"column":11},"end":{"line":230,"column":55}}},"14":{"name":"(anonymous_22)","decl":{"start":{"line":235,"column":31},"end":{"line":235,"column":34}},"loc":{"start":{"line":235,"column":37},"end":{"line":278,"column":7}}},"15":{"name":"(anonymous_23)","decl":{"start":{"line":281,"column":34},"end":{"line":281,"column":37}},"loc":{"start":{"line":281,"column":40},"end":{"line":327,"column":7}}},"16":{"name":"(anonymous_24)","decl":{"start":{"line":330,"column":37},"end":{"line":330,"column":40}},"loc":{"start":{"line":330,"column":43},"end":{"line":365,"column":7}}},"17":{"name":"(anonymous_25)","decl":{"start":{"line":369,"column":60},"end":{"line":369,"column":61}},"loc":{"start":{"line":369,"column":65},"end":{"line":369,"column":135}}},"18":{"name":"(anonymous_26)","decl":{"start":{"line":370,"column":63},"end":{"line":370,"column":64}},"loc":{"start":{"line":370,"column":68},"end":{"line":370,"column":101}}}},"branchMap":{"0":{"loc":{"start":{"line":72,"column":21},"end":{"line":72,"column":46}},"type":"binary-expr","locations":[{"start":{"line":72,"column":21},"end":{"line":72,"column":36}},{"start":{"line":72,"column":40},"end":{"line":72,"column":46}}]},"1":{"loc":{"start":{"line":75,"column":6},"end":{"line":77,"column":7}},"type":"if","locations":[{"start":{"line":75,"column":6},"end":{"line":77,"column":7}}]},"2":{"loc":{"start":{"line":102,"column":6},"end":{"line":104,"column":7}},"type":"if","locations":[{"start":{"line":102,"column":6},"end":{"line":104,"column":7}}]},"3":{"loc":{"start":{"line":102,"column":10},"end":{"line":102,"column":87}},"type":"binary-expr","locations":[{"start":{"line":102,"column":10},"end":{"line":102,"column":46}},{"start":{"line":102,"column":50},"end":{"line":102,"column":87}}]},"4":{"loc":{"start":{"line":115,"column":8},"end":{"line":119,"column":9}},"type":"if","locations":[{"start":{"line":115,"column":8},"end":{"line":119,"column":9}}]},"5":{"loc":{"start":{"line":122,"column":56},"end":{"line":122,"column":110}},"type":"cond-expr","locations":[{"start":{"line":122,"column":81},"end":{"line":122,"column":94}},{"start":{"line":122,"column":97},"end":{"line":122,"column":110}}]},"6":{"loc":{"start":{"line":147,"column":6},"end":{"line":163,"column":7}},"type":"if","locations":[{"start":{"line":147,"column":6},"end":{"line":163,"column":7}},{"start":{"line":155,"column":13},"end":{"line":163,"column":7}}]},"7":{"loc":{"start":{"line":167,"column":6},"end":{"line":183,"column":7}},"type":"if","locations":[{"start":{"line":167,"column":6},"end":{"line":183,"column":7}},{"start":{"line":175,"column":13},"end":{"line":183,"column":7}}]},"8":{"loc":{"start":{"line":191,"column":24},"end":{"line":191,"column":53}},"type":"binary-expr","locations":[{"start":{"line":191,"column":24},"end":{"line":191,"column":47}},{"start":{"line":191,"column":51},"end":{"line":191,"column":53}}]},"9":{"loc":{"start":{"line":193,"column":22},"end":{"line":193,"column":64}},"type":"binary-expr","locations":[{"start":{"line":193,"column":22},"end":{"line":193,"column":26}},{"start":{"line":193,"column":30},"end":{"line":193,"column":38}},{"start":{"line":193,"column":42},"end":{"line":193,"column":51}},{"start":{"line":193,"column":55},"end":{"line":193,"column":64}}]},"10":{"loc":{"start":{"line":197,"column":8},"end":{"line":210,"column":9}},"type":"if","locations":[{"start":{"line":197,"column":8},"end":{"line":210,"column":9}},{"start":{"line":200,"column":15},"end":{"line":210,"column":9}}]},"11":{"loc":{"start":{"line":197,"column":12},"end":{"line":197,"column":51}},"type":"binary-expr","locations":[{"start":{"line":197,"column":12},"end":{"line":197,"column":16}},{"start":{"line":197,"column":20},"end":{"line":197,"column":51}}]},"12":{"loc":{"start":{"line":200,"column":15},"end":{"line":210,"column":9}},"type":"if","locations":[{"start":{"line":200,"column":15},"end":{"line":210,"column":9}},{"start":{"line":203,"column":15},"end":{"line":210,"column":9}}]},"13":{"loc":{"start":{"line":200,"column":19},"end":{"line":200,"column":100}},"type":"binary-expr","locations":[{"start":{"line":200,"column":20},"end":{"line":200,"column":24}},{"start":{"line":200,"column":28},"end":{"line":200,"column":55}},{"start":{"line":200,"column":61},"end":{"line":200,"column":69}},{"start":{"line":200,"column":73},"end":{"line":200,"column":99}}]},"14":{"loc":{"start":{"line":203,"column":15},"end":{"line":210,"column":9}},"type":"if","locations":[{"start":{"line":203,"column":15},"end":{"line":210,"column":9}},{"start":{"line":206,"column":15},"end":{"line":210,"column":9}}]},"15":{"loc":{"start":{"line":203,"column":19},"end":{"line":203,"column":86}},"type":"binary-expr","locations":[{"start":{"line":203,"column":19},"end":{"line":203,"column":26}},{"start":{"line":203,"column":30},"end":{"line":203,"column":39}},{"start":{"line":203,"column":43},"end":{"line":203,"column":86}}]},"16":{"loc":{"start":{"line":203,"column":75},"end":{"line":203,"column":85}},"type":"binary-expr","locations":[{"start":{"line":203,"column":75},"end":{"line":203,"column":79}},{"start":{"line":203,"column":83},"end":{"line":203,"column":85}}]},"17":{"loc":{"start":{"line":206,"column":15},"end":{"line":210,"column":9}},"type":"if","locations":[{"start":{"line":206,"column":15},"end":{"line":210,"column":9}}]},"18":{"loc":{"start":{"line":206,"column":19},"end":{"line":206,"column":35}},"type":"binary-expr","locations":[{"start":{"line":206,"column":19},"end":{"line":206,"column":23}},{"start":{"line":206,"column":27},"end":{"line":206,"column":35}}]},"19":{"loc":{"start":{"line":229,"column":11},"end":{"line":230,"column":55}},"type":"binary-expr","locations":[{"start":{"line":229,"column":11},"end":{"line":229,"column":31}},{"start":{"line":229,"column":35},"end":{"line":229,"column":59}},{"start":{"line":230,"column":11},"end":{"line":230,"column":31}},{"start":{"line":230,"column":35},"end":{"line":230,"column":54}}]},"20":{"loc":{"start":{"line":236,"column":8},"end":{"line":277,"column":9}},"type":"if","locations":[{"start":{"line":236,"column":8},"end":{"line":277,"column":9}}]},"21":{"loc":{"start":{"line":249,"column":10},"end":{"line":270,"column":11}},"type":"switch","locations":[{"start":{"line":250,"column":12},"end":{"line":253,"column":20}},{"start":{"line":254,"column":12},"end":{"line":257,"column":20}},{"start":{"line":258,"column":12},"end":{"line":261,"column":20}},{"start":{"line":262,"column":12},"end":{"line":265,"column":20}},{"start":{"line":266,"column":12},"end":{"line":269,"column":20}}]},"22":{"loc":{"start":{"line":282,"column":8},"end":{"line":326,"column":9}},"type":"if","locations":[{"start":{"line":282,"column":8},"end":{"line":326,"column":9}}]},"23":{"loc":{"start":{"line":284,"column":22},"end":{"line":284,"column":59}},"type":"cond-expr","locations":[{"start":{"line":284,"column":44},"end":{"line":284,"column":47}},{"start":{"line":284,"column":50},"end":{"line":284,"column":59}}]},"24":{"loc":{"start":{"line":285,"column":18},"end":{"line":285,"column":60}},"type":"cond-expr","locations":[{"start":{"line":285,"column":45},"end":{"line":285,"column":48}},{"start":{"line":285,"column":51},"end":{"line":285,"column":60}}]},"25":{"loc":{"start":{"line":293,"column":10},"end":{"line":325,"column":11}},"type":"if","locations":[{"start":{"line":293,"column":10},"end":{"line":325,"column":11}}]},"26":{"loc":{"start":{"line":297,"column":12},"end":{"line":318,"column":13}},"type":"switch","locations":[{"start":{"line":298,"column":14},"end":{"line":301,"column":22}},{"start":{"line":302,"column":14},"end":{"line":305,"column":22}},{"start":{"line":306,"column":14},"end":{"line":309,"column":22}},{"start":{"line":310,"column":14},"end":{"line":313,"column":22}},{"start":{"line":314,"column":14},"end":{"line":317,"column":22}}]},"27":{"loc":{"start":{"line":331,"column":8},"end":{"line":364,"column":9}},"type":"if","locations":[{"start":{"line":331,"column":8},"end":{"line":364,"column":9}}]},"28":{"loc":{"start":{"line":331,"column":12},"end":{"line":331,"column":82}},"type":"binary-expr","locations":[{"start":{"line":331,"column":12},"end":{"line":331,"column":27}},{"start":{"line":331,"column":31},"end":{"line":331,"column":82}}]},"29":{"loc":{"start":{"line":333,"column":18},"end":{"line":333,"column":95}},"type":"cond-expr","locations":[{"start":{"line":333,"column":80},"end":{"line":333,"column":83}},{"start":{"line":333,"column":86},"end":{"line":333,"column":95}}]},"30":{"loc":{"start":{"line":334,"column":23},"end":{"line":334,"column":71}},"type":"cond-expr","locations":[{"start":{"line":334,"column":56},"end":{"line":334,"column":59}},{"start":{"line":334,"column":62},"end":{"line":334,"column":71}}]},"31":{"loc":{"start":{"line":335,"column":21},"end":{"line":335,"column":62}},"type":"cond-expr","locations":[{"start":{"line":335,"column":41},"end":{"line":335,"column":50}},{"start":{"line":335,"column":53},"end":{"line":335,"column":62}}]},"32":{"loc":{"start":{"line":343,"column":10},"end":{"line":363,"column":11}},"type":"if","locations":[{"start":{"line":343,"column":10},"end":{"line":363,"column":11}}]},"33":{"loc":{"start":{"line":347,"column":12},"end":{"line":356,"column":13}},"type":"switch","locations":[{"start":{"line":348,"column":14},"end":{"line":351,"column":22}},{"start":{"line":352,"column":14},"end":{"line":355,"column":22}}]},"34":{"loc":{"start":{"line":403,"column":6},"end":{"line":406,"column":7}},"type":"if","locations":[{"start":{"line":403,"column":6},"end":{"line":406,"column":7}}]},"35":{"loc":{"start":{"line":405,"column":47},"end":{"line":405,"column":94}},"type":"binary-expr","locations":[{"start":{"line":405,"column":47},"end":{"line":405,"column":70}},{"start":{"line":405,"column":74},"end":{"line":405,"column":94}}]}},"s":{"0":0,"1":0,"2":0,"3":0,"4":0,"5":0,"6":0,"7":0,"8":0,"9":0,"10":0,"11":0,"12":0,"13":0,"14":0,"15":0,"16":0,"17":0,"18":0,"19":0,"20":0,"21":0,"22":0,"23":0,"24":0,"25":0,"26":0,"27":0,"28":0,"29":0,"30":0,"31":0,"32":0,"33":0,"34":0,"35":0,"36":0,"37":0,"38":0,"39":0,"40":0,"41":0,"42":0,"43":0,"44":0,"45":0,"46":0,"47":0,"48":0,"49":0,"50":0,"51":0,"52":0,"53":0,"54":0,"55":0,"56":0,"57":0,"58":0,"59":0,"60":0,"61":0,"62":0,"63":0,"64":0,"65":0,"66":0,"67":0,"68":0,"69":0,"70":0,"71":0,"72":0,"73":0,"74":0,"75":0,"76":0,"77":0,"78":0,"79":0,"80":0,"81":0,"82":0,"83":0,"84":0,"85":0,"86":0,"87":0,"88":0,"89":0,"90":0,"91":0,"92":0,"93":0,"94":0,"95":0,"96":0,"97":0,"98":0,"99":0,"100":0,"101":0,"102":0,"103":0,"104":0,"105":0,"106":0,"107":0,"108":0,"109":0,"110":0,"111":0,"112":0,"113":0,"114":0,"115":0,"116":0,"117":0,"118":0,"119":0,"120":0,"121":0,"122":0,"123":0,"124":0,"125":0,"126":0,"127":0,"128":0,"129":0,"130":0,"131":0,"132":0,"133":0,"134":0,"135":0,"136":0,"137":0,"138":0,"139":0,"140":0,"141":0,"142":0,"143":0,"144":0,"145":0,"146":0,"147":0,"148":0,"149":0,"150":0,"151":0,"152":0,"153":0,"154":0,"155":0,"156":0,"157":0,"158":0,"159":0,"160":0,"161":0,"162":0,"163":0,"164":0,"165":0,"166":0,"167":0,"168":0,"169":0,"170":0,"171":0,"172":0,"173":0,"174":0},"f":{"0":0,"1":0,"2":0,"3":0,"4":0,"5":0,"6":0,"7":0,"8":0,"9":0,"10":0,"11":0,"12":0,"13":0,"14":0,"15":0,"16":0,"17":0,"18":0},"b":{"0":[0,0],"1":[0],"2":[0],"3":[0,0],"4":[0],"5":[0,0],"6":[0,0],"7":[0,0],"8":[0,0],"9":[0,0,0,0],"10":[0,0],"11":[0,0],"12":[0,0],"13":[0,0,0,0],"14":[0,0],"15":[0,0,0],"16":[0,0],"17":[0],"18":[0,0],"19":[0,0,0,0],"20":[0],"21":[0,0,0,0,0],"22":[0],"23":[0,0],"24":[0,0],"25":[0],"26":[0,0,0,0,0],"27":[0],"28":[0,0],"29":[0,0],"30":[0,0],"31":[0,0],"32":[0],"33":[0,0],"34":[0],"35":[0,0]}}
,"C:\\Users\\tukue\\SearchEngineAalyzer\\server\\storage.ts": {"path":"C:\\Users\\tukue\\SearchEngineAalyzer\\server\\storage.ts","statementMap":{"0":{"start":{"line":50,"column":4},"end":{"line":50,"column":29}},"1":{"start":{"line":51,"column":4},"end":{"line":51,"column":30}},"2":{"start":{"line":52,"column":4},"end":{"line":52,"column":30}},"3":{"start":{"line":53,"column":4},"end":{"line":53,"column":37}},"4":{"start":{"line":54,"column":4},"end":{"line":54,"column":33}},"5":{"start":{"line":55,"column":4},"end":{"line":55,"column":35}},"6":{"start":{"line":56,"column":4},"end":{"line":56,"column":29}},"7":{"start":{"line":57,"column":4},"end":{"line":57,"column":31}},"8":{"start":{"line":58,"column":4},"end":{"line":58,"column":30}},"9":{"start":{"line":59,"column":4},"end":{"line":59,"column":37}},"10":{"start":{"line":60,"column":4},"end":{"line":60,"column":33}},"11":{"start":{"line":61,"column":4},"end":{"line":61,"column":28}},"12":{"start":{"line":64,"column":4},"end":{"line":64,"column":48}},"13":{"start":{"line":67,"column":21},"end":{"line":81,"column":null}},"14":{"start":{"line":68,"column":21},"end":{"line":68,"column":43}},"15":{"start":{"line":69,"column":27},"end":{"line":75,"column":6}},"16":{"start":{"line":77,"column":4},"end":{"line":77,"column":39}},"17":{"start":{"line":78,"column":4},"end":{"line":78,"column":39}},"18":{"start":{"line":80,"column":4},"end":{"line":80,"column":18}},"19":{"start":{"line":84,"column":4},"end":{"line":84,"column":32}},"20":{"start":{"line":88,"column":19},"end":{"line":88,"column":45}},"21":{"start":{"line":89,"column":4},"end":{"line":89,"column":53}},"22":{"start":{"line":89,"column":17},"end":{"line":89,"column":53}},"23":{"start":{"line":91,"column":25},"end":{"line":91,"column":36}},"24":{"start":{"line":92,"column":4},"end":{"line":92,"column":26}},"25":{"start":{"line":93,"column":4},"end":{"line":93,"column":34}},"26":{"start":{"line":96,"column":35},"end":{"line":103,"column":6}},"27":{"start":{"line":105,"column":20},"end":{"line":105,"column":56}},"28":{"start":{"line":106,"column":4},"end":{"line":106,"column":29}},"29":{"start":{"line":107,"column":4},"end":{"line":107,"column":44}},"30":{"start":{"line":109,"column":4},"end":{"line":109,"column":86}},"31":{"start":{"line":113,"column":23},"end":{"line":113,"column":47}},"32":{"start":{"line":116,"column":18},"end":{"line":119,"column":null}},"33":{"start":{"line":122,"column":4},"end":{"line":122,"column":44}},"34":{"start":{"line":125,"column":28},"end":{"line":140,"column":6}},"35":{"start":{"line":126,"column":24},"end":{"line":126,"column":47}},"36":{"start":{"line":127,"column":6},"end":{"line":139,"column":8}},"37":{"start":{"line":142,"column":4},"end":{"line":142,"column":40}},"38":{"start":{"line":145,"column":35},"end":{"line":154,"column":6}},"39":{"start":{"line":146,"column":20},"end":{"line":146,"column":50}},"40":{"start":{"line":147,"column":6},"end":{"line":153,"column":8}},"41":{"start":{"line":156,"column":4},"end":{"line":156,"column":47}},"42":{"start":{"line":159,"column":4},"end":{"line":163,"column":6}},"43":{"start":{"line":167,"column":21},"end":{"line":167,"column":42}},"44":{"start":{"line":168,"column":4},"end":{"line":168,"column":70}},"45":{"start":{"line":168,"column":53},"end":{"line":168,"column":70}},"46":{"start":{"line":170,"column":17},"end":{"line":170,"column":44}},"47":{"start":{"line":171,"column":28},"end":{"line":171,"column":62}},"48":{"start":{"line":173,"column":4},"end":{"line":177,"column":6}},"49":{"start":{"line":186,"column":4},"end":{"line":191,"column":7}},"50":{"start":{"line":187,"column":6},"end":{"line":190,"column":7}},"51":{"start":{"line":188,"column":8},"end":{"line":188,"column":24}},"52":{"start":{"line":189,"column":8},"end":{"line":189,"column":33}},"53":{"start":{"line":193,"column":4},"end":{"line":193,"column":56}},"54":{"start":{"line":193,"column":39},"end":{"line":193,"column":56}},"55":{"start":{"line":195,"column":17},"end":{"line":195,"column":52}},"56":{"start":{"line":196,"column":28},"end":{"line":196,"column":70}},"57":{"start":{"line":198,"column":4},"end":{"line":202,"column":6}},"58":{"start":{"line":206,"column":33},"end":{"line":206,"column":35}},"59":{"start":{"line":208,"column":4},"end":{"line":212,"column":7}},"60":{"start":{"line":209,"column":6},"end":{"line":211,"column":7}},"61":{"start":{"line":210,"column":8},"end":{"line":210,"column":32}},"62":{"start":{"line":215,"column":4},"end":{"line":215,"column":95}},"63":{"start":{"line":215,"column":28},"end":{"line":215,"column":93}},"64":{"start":{"line":217,"column":4},"end":{"line":217,"column":55}},"65":{"start":{"line":221,"column":18},"end":{"line":221,"column":54}},"66":{"start":{"line":222,"column":16},"end":{"line":222,"column":38}},"67":{"start":{"line":224,"column":16},"end":{"line":224,"column":43}},"68":{"start":{"line":225,"column":4},"end":{"line":233,"column":5}},"69":{"start":{"line":226,"column":6},"end":{"line":232,"column":8}},"70":{"start":{"line":235,"column":4},"end":{"line":239,"column":5}},"71":{"start":{"line":236,"column":6},"end":{"line":236,"column":25}},"72":{"start":{"line":237,"column":11},"end":{"line":239,"column":5}},"73":{"start":{"line":238,"column":6},"end":{"line":238,"column":26}},"74":{"start":{"line":241,"column":4},"end":{"line":241,"column":39}},"75":{"start":{"line":245,"column":16},"end":{"line":245,"column":38}},"76":{"start":{"line":246,"column":4},"end":{"line":246,"column":39}},"77":{"start":{"line":251,"column":23},"end":{"line":251,"column":39}},"78":{"start":{"line":255,"column":17},"end":{"line":255,"column":43}},"79":{"start":{"line":256,"column":2},"end":{"line":258,"column":3}},"80":{"start":{"line":257,"column":4},"end":{"line":257,"column":48}},"81":{"start":{"line":260,"column":2},"end":{"line":263,"column":4}}},"fnMap":{"0":{"name":"(anonymous_7)","decl":{"start":{"line":49,"column":2},"end":{"line":49,"column":null}},"loc":{"start":{"line":49,"column":2},"end":{"line":65,"column":3}}},"1":{"name":"(anonymous_8)","decl":{"start":{"line":67,"column":8},"end":{"line":67,"column":20}},"loc":{"start":{"line":67,"column":20},"end":{"line":81,"column":null}}},"2":{"name":"(anonymous_9)","decl":{"start":{"line":67,"column":21},"end":{"line":67,"column":33}},"loc":{"start":{"line":67,"column":56},"end":{"line":81,"column":3}}},"3":{"name":"(anonymous_10)","decl":{"start":{"line":83,"column":8},"end":{"line":83,"column":17}},"loc":{"start":{"line":83,"column":28},"end":{"line":85,"column":null}}},"4":{"name":"(anonymous_12)","decl":{"start":{"line":87,"column":8},"end":{"line":87,"column":24}},"loc":{"start":{"line":87,"column":80},"end":{"line":110,"column":null}}},"5":{"name":"(anonymous_14)","decl":{"start":{"line":112,"column":8},"end":{"line":112,"column":22}},"loc":{"start":{"line":112,"column":137},"end":{"line":164,"column":null}}},"6":{"name":"(anonymous_16)","decl":{"start":{"line":125,"column":50},"end":{"line":125,"column":53}},"loc":{"start":{"line":125,"column":56},"end":{"line":140,"column":5}}},"7":{"name":"(anonymous_17)","decl":{"start":{"line":145,"column":68},"end":{"line":145,"column":71}},"loc":{"start":{"line":145,"column":74},"end":{"line":154,"column":5}}},"8":{"name":"(anonymous_18)","decl":{"start":{"line":166,"column":8},"end":{"line":166,"column":19}},"loc":{"start":{"line":166,"column":48},"end":{"line":178,"column":null}}},"9":{"name":"(anonymous_20)","decl":{"start":{"line":180,"column":8},"end":{"line":180,"column":24}},"loc":{"start":{"line":180,"column":54},"end":{"line":203,"column":null}}},"10":{"name":"(anonymous_22)","decl":{"start":{"line":186,"column":26},"end":{"line":186,"column":27}},"loc":{"start":{"line":186,"column":43},"end":{"line":191,"column":5}}},"11":{"name":"(anonymous_23)","decl":{"start":{"line":205,"column":8},"end":{"line":205,"column":26}},"loc":{"start":{"line":205,"column":59},"end":{"line":218,"column":null}}},"12":{"name":"(anonymous_25)","decl":{"start":{"line":208,"column":26},"end":{"line":208,"column":34}},"loc":{"start":{"line":208,"column":37},"end":{"line":212,"column":5}}},"13":{"name":"(anonymous_26)","decl":{"start":{"line":215,"column":18},"end":{"line":215,"column":19}},"loc":{"start":{"line":215,"column":28},"end":{"line":215,"column":93}}},"14":{"name":"(anonymous_27)","decl":{"start":{"line":220,"column":8},"end":{"line":220,"column":22}},"loc":{"start":{"line":220,"column":65},"end":{"line":242,"column":null}}},"15":{"name":"(anonymous_29)","decl":{"start":{"line":244,"column":8},"end":{"line":244,"column":23}},"loc":{"start":{"line":244,"column":55},"end":{"line":247,"column":null}}},"16":{"name":"getDefaultTenantContext","decl":{"start":{"line":254,"column":22},"end":{"line":254,"column":45}},"loc":{"start":{"line":254,"column":45},"end":{"line":264,"column":null}}}},"branchMap":{"0":{"loc":{"start":{"line":67,"column":35},"end":{"line":67,"column":56}},"type":"default-arg","locations":[{"start":{"line":67,"column":50},"end":{"line":67,"column":56}}]},"1":{"loc":{"start":{"line":89,"column":4},"end":{"line":89,"column":53}},"type":"if","locations":[{"start":{"line":89,"column":4},"end":{"line":89,"column":53}}]},"2":{"loc":{"start":{"line":101,"column":19},"end":{"line":101,"column":38}},"type":"binary-expr","locations":[{"start":{"line":101,"column":19},"end":{"line":101,"column":30}},{"start":{"line":101,"column":34},"end":{"line":101,"column":38}}]},"3":{"loc":{"start":{"line":105,"column":20},"end":{"line":105,"column":56}},"type":"binary-expr","locations":[{"start":{"line":105,"column":20},"end":{"line":105,"column":50}},{"start":{"line":105,"column":54},"end":{"line":105,"column":56}}]},"4":{"loc":{"start":{"line":131,"column":14},"end":{"line":131,"column":30}},"type":"binary-expr","locations":[{"start":{"line":131,"column":14},"end":{"line":131,"column":22}},{"start":{"line":131,"column":26},"end":{"line":131,"column":30}}]},"5":{"loc":{"start":{"line":132,"column":18},"end":{"line":132,"column":38}},"type":"binary-expr","locations":[{"start":{"line":132,"column":18},"end":{"line":132,"column":30}},{"start":{"line":132,"column":34},"end":{"line":132,"column":38}}]},"6":{"loc":{"start":{"line":133,"column":17},"end":{"line":133,"column":36}},"type":"binary-expr","locations":[{"start":{"line":133,"column":17},"end":{"line":133,"column":28}},{"start":{"line":133,"column":32},"end":{"line":133,"column":36}}]},"7":{"loc":{"start":{"line":134,"column":19},"end":{"line":134,"column":40}},"type":"binary-expr","locations":[{"start":{"line":134,"column":19},"end":{"line":134,"column":32}},{"start":{"line":134,"column":36},"end":{"line":134,"column":40}}]},"8":{"loc":{"start":{"line":135,"column":17},"end":{"line":135,"column":36}},"type":"binary-expr","locations":[{"start":{"line":135,"column":17},"end":{"line":135,"column":28}},{"start":{"line":135,"column":32},"end":{"line":135,"column":36}}]},"9":{"loc":{"start":{"line":136,"column":13},"end":{"line":136,"column":28}},"type":"binary-expr","locations":[{"start":{"line":136,"column":13},"end":{"line":136,"column":20}},{"start":{"line":136,"column":24},"end":{"line":136,"column":28}}]},"10":{"loc":{"start":{"line":168,"column":4},"end":{"line":168,"column":70}},"type":"if","locations":[{"start":{"line":168,"column":4},"end":{"line":168,"column":70}}]},"11":{"loc":{"start":{"line":168,"column":8},"end":{"line":168,"column":51}},"type":"binary-expr","locations":[{"start":{"line":168,"column":8},"end":{"line":168,"column":17}},{"start":{"line":168,"column":21},"end":{"line":168,"column":51}}]},"12":{"loc":{"start":{"line":170,"column":17},"end":{"line":170,"column":44}},"type":"binary-expr","locations":[{"start":{"line":170,"column":17},"end":{"line":170,"column":38}},{"start":{"line":170,"column":42},"end":{"line":170,"column":44}}]},"13":{"loc":{"start":{"line":171,"column":28},"end":{"line":171,"column":62}},"type":"binary-expr","locations":[{"start":{"line":171,"column":28},"end":{"line":171,"column":56}},{"start":{"line":171,"column":60},"end":{"line":171,"column":62}}]},"14":{"loc":{"start":{"line":187,"column":6},"end":{"line":190,"column":7}},"type":"if","locations":[{"start":{"line":187,"column":6},"end":{"line":190,"column":7}}]},"15":{"loc":{"start":{"line":187,"column":10},"end":{"line":187,"column":82}},"type":"binary-expr","locations":[{"start":{"line":187,"column":10},"end":{"line":187,"column":30}},{"start":{"line":187,"column":34},"end":{"line":187,"column":64}},{"start":{"line":187,"column":68},"end":{"line":187,"column":82}}]},"16":{"loc":{"start":{"line":193,"column":4},"end":{"line":193,"column":56}},"type":"if","locations":[{"start":{"line":193,"column":4},"end":{"line":193,"column":56}}]},"17":{"loc":{"start":{"line":193,"column":8},"end":{"line":193,"column":37}},"type":"binary-expr","locations":[{"start":{"line":193,"column":8},"end":{"line":193,"column":19}},{"start":{"line":193,"column":23},"end":{"line":193,"column":37}}]},"18":{"loc":{"start":{"line":195,"column":17},"end":{"line":195,"column":52}},"type":"binary-expr","locations":[{"start":{"line":195,"column":17},"end":{"line":195,"column":46}},{"start":{"line":195,"column":50},"end":{"line":195,"column":52}}]},"19":{"loc":{"start":{"line":196,"column":28},"end":{"line":196,"column":70}},"type":"binary-expr","locations":[{"start":{"line":196,"column":28},"end":{"line":196,"column":64}},{"start":{"line":196,"column":68},"end":{"line":196,"column":70}}]},"20":{"loc":{"start":{"line":209,"column":6},"end":{"line":211,"column":7}},"type":"if","locations":[{"start":{"line":209,"column":6},"end":{"line":211,"column":7}}]},"21":{"loc":{"start":{"line":217,"column":11},"end":{"line":217,"column":54}},"type":"cond-expr","locations":[{"start":{"line":217,"column":19},"end":{"line":217,"column":43}},{"start":{"line":217,"column":46},"end":{"line":217,"column":54}}]},"22":{"loc":{"start":{"line":225,"column":4},"end":{"line":233,"column":5}},"type":"if","locations":[{"start":{"line":225,"column":4},"end":{"line":233,"column":5}}]},"23":{"loc":{"start":{"line":235,"column":4},"end":{"line":239,"column":5}},"type":"if","locations":[{"start":{"line":235,"column":4},"end":{"line":239,"column":5}},{"start":{"line":237,"column":11},"end":{"line":239,"column":5}}]},"24":{"loc":{"start":{"line":237,"column":11},"end":{"line":239,"column":5}},"type":"if","locations":[{"start":{"line":237,"column":11},"end":{"line":239,"column":5}}]},"25":{"loc":{"start":{"line":256,"column":2},"end":{"line":258,"column":3}},"type":"if","locations":[{"start":{"line":256,"column":2},"end":{"line":258,"column":3}}]}},"s":{"0":0,"1":0,"2":0,"3":0,"4":0,"5":0,"6":0,"7":0,"8":0,"9":0,"10":0,"11":0,"12":0,"13":0,"14":0,"15":0,"16":0,"17":0,"18":0,"19":0,"20":0,"21":0,"22":0,"23":0,"24":0,"25":0,"26":0,"27":0,"28":0,"29":0,"30":0,"31":0,"32":0,"33":0,"34":0,"35":0,"36":0,"37":0,"38":0,"39":0,"40":0,"41":0,"42":0,"43":0,"44":0,"45":0,"46":0,"47":0,"48":0,"49":0,"50":0,"51":0,"52":0,"53":0,"54":0,"55":0,"56":0,"57":0,"58":0,"59":0,"60":0,"61":0,"62":0,"63":0,"64":0,"65":0,"66":0,"67":0,"68":0,"69":0,"70":0,"71":0,"72":0,"73":0,"74":0,"75":0,"76":0,"77":0,"78":0,"79":0,"80":0,"81":0},"f":{"0":0,"1":0,"2":0,"3":0,"4":0,"5":0,"6":0,"7":0,"8":0,"9":0,"10":0,"11":0,"12":0,"13":0,"14":0,"15":0,"16":0},"b":{"0":[0],"1":[0],"2":[0,0],"3":[0,0],"4":[0,0],"5":[0,0],"6":[0,0],"7":[0,0],"8":[0,0],"9":[0,0],"10":[0],"11":[0,0],"12":[0,0],"13":[0,0],"14":[0],"15":[0,0,0],"16":[0],"17":[0,0],"18":[0,0],"19":[0,0],"20":[0],"21":[0,0],"22":[0],"23":[0,0],"24":[0],"25":[0]}}
,"C:\\Users\\tukue\\SearchEngineAalyzer\\shared\\schema.ts": {"path":"C:\\Users\\tukue\\SearchEngineAalyzer\\shared\\schema.ts","statementMap":{"0":{"start":{"line":6,"column":28},"end":{"line":21,"column":11}},"1":{"start":{"line":27,"column":23},"end":{"line":33,"column":2}},"2":{"start":{"line":36,"column":27},"end":{"line":43,"column":2}},"3":{"start":{"line":46,"column":29},"end":{"line":52,"column":2}},"4":{"start":{"line":55,"column":24},"end":{"line":67,"column":2}},"5":{"start":{"line":70,"column":24},"end":{"line":81,"column":2}},"6":{"start":{"line":84,"column":31},"end":{"line":90,"column":2}},"7":{"start":{"line":93,"column":34},"end":{"line":93,"column":114}},"8":{"start":{"line":94,"column":38},"end":{"line":94,"column":105}},"9":{"start":{"line":95,"column":41},"end":{"line":95,"column":93}},"10":{"start":{"line":96,"column":35},"end":{"line":96,"column":82}},"11":{"start":{"line":97,"column":36},"end":{"line":97,"column":83}},"12":{"start":{"line":98,"column":42},"end":{"line":98,"column":96}},"13":{"start":{"line":115,"column":25},"end":{"line":117,"column":2}},"14":{"start":{"line":128,"column":31},"end":{"line":134,"column":2}},"15":{"start":{"line":139,"column":35},"end":{"line":142,"column":2}}},"fnMap":{},"branchMap":{},"s":{"0":0,"1":0,"2":0,"3":0,"4":0,"5":0,"6":0,"7":0,"8":0,"9":0,"10":0,"11":0,"12":0,"13":0,"14":0,"15":0},"f":{},"b":{}}
}
