{"C:\\Users\\tukue\\SearchEngineAalyzer\\server\\index.ts": {"path":"C:\\Users\\tukue\\SearchEngineAalyzer\\server\\index.ts","statementMap":{"0":{"start":{"line":5,"column":12},"end":{"line":5,"column":21}},"1":{"start":{"line":6,"column":0},"end":{"line":6,"column":24}},"2":{"start":{"line":7,"column":0},"end":{"line":7,"column":49}},"3":{"start":{"line":9,"column":0},"end":{"line":37,"column":3}},"4":{"start":{"line":10,"column":16},"end":{"line":10,"column":26}},"5":{"start":{"line":11,"column":15},"end":{"line":11,"column":23}},"6":{"start":{"line":12,"column":62},"end":{"line":12,"column":71}},"7":{"start":{"line":14,"column":26},"end":{"line":14,"column":34}},"8":{"start":{"line":15,"column":2},"end":{"line":18,"column":4}},"9":{"start":{"line":16,"column":4},"end":{"line":16,"column":36}},"10":{"start":{"line":17,"column":4},"end":{"line":17,"column":59}},"11":{"start":{"line":20,"column":2},"end":{"line":34,"column":5}},"12":{"start":{"line":21,"column":21},"end":{"line":21,"column":39}},"13":{"start":{"line":22,"column":4},"end":{"line":33,"column":5}},"14":{"start":{"line":23,"column":20},"end":{"line":23,"column":78}},"15":{"start":{"line":24,"column":6},"end":{"line":26,"column":7}},"16":{"start":{"line":25,"column":8},"end":{"line":25,"column":65}},"17":{"start":{"line":28,"column":6},"end":{"line":30,"column":7}},"18":{"start":{"line":29,"column":8},"end":{"line":29,"column":45}},"19":{"start":{"line":32,"column":6},"end":{"line":32,"column":19}},"20":{"start":{"line":36,"column":2},"end":{"line":36,"column":9}},"21":{"start":{"line":39,"column":0},"end":{"line":66,"column":5}},"22":{"start":{"line":39,"column":12},"end":{"line":66,"column":2}},"23":{"start":{"line":40,"column":17},"end":{"line":40,"column":42}},"24":{"start":{"line":42,"column":2},"end":{"line":48,"column":5}},"25":{"start":{"line":43,"column":19},"end":{"line":43,"column":54}},"26":{"start":{"line":44,"column":20},"end":{"line":44,"column":58}},"27":{"start":{"line":46,"column":4},"end":{"line":46,"column":41}},"28":{"start":{"line":47,"column":4},"end":{"line":47,"column":14}},"29":{"start":{"line":53,"column":2},"end":{"line":57,"column":3}},"30":{"start":{"line":54,"column":4},"end":{"line":54,"column":33}},"31":{"start":{"line":56,"column":4},"end":{"line":56,"column":21}},"32":{"start":{"line":62,"column":15},"end":{"line":62,"column":39}},"33":{"start":{"line":63,"column":2},"end":{"line":65,"column":5}},"34":{"start":{"line":64,"column":4},"end":{"line":64,"column":42}}},"fnMap":{"0":{"name":"(anonymous_7)","decl":{"start":{"line":9,"column":8},"end":{"line":9,"column":9}},"loc":{"start":{"line":9,"column":27},"end":{"line":37,"column":1}}},"1":{"name":"(anonymous_8)","decl":{"start":{"line":15,"column":13},"end":{"line":15,"column":23}},"loc":{"start":{"line":15,"column":40},"end":{"line":18,"column":3}}},"2":{"name":"(anonymous_9)","decl":{"start":{"line":20,"column":19},"end":{"line":20,"column":22}},"loc":{"start":{"line":20,"column":24},"end":{"line":34,"column":3}}},"3":{"name":"(anonymous_10)","decl":{"start":{"line":39,"column":1},"end":{"line":39,"column":10}},"loc":{"start":{"line":39,"column":12},"end":{"line":66,"column":2}}},"4":{"name":"(anonymous_11)","decl":{"start":{"line":39,"column":12},"end":{"line":39,"column":null}},"loc":{"start":{"line":39,"column":12},"end":{"line":66,"column":1}}},"5":{"name":"(anonymous_12)","decl":{"start":{"line":42,"column":10},"end":{"line":42,"column":11}},"loc":{"start":{"line":42,"column":74},"end":{"line":48,"column":3}}},"6":{"name":"(anonymous_13)","decl":{"start":{"line":63,"column":22},"end":{"line":63,"column":25}},"loc":{"start":{"line":63,"column":27},"end":{"line":65,"column":3}}}},"branchMap":{"0":{"loc":{"start":{"line":22,"column":4},"end":{"line":33,"column":5}},"type":"if","locations":[{"start":{"line":22,"column":4},"end":{"line":33,"column":5}}]},"1":{"loc":{"start":{"line":24,"column":6},"end":{"line":26,"column":7}},"type":"if","locations":[{"start":{"line":24,"column":6},"end":{"line":26,"column":7}}]},"2":{"loc":{"start":{"line":28,"column":6},"end":{"line":30,"column":7}},"type":"if","locations":[{"start":{"line":28,"column":6},"end":{"line":30,"column":7}}]},"3":{"loc":{"start":{"line":43,"column":19},"end":{"line":43,"column":54}},"type":"binary-expr","locations":[{"start":{"line":43,"column":19},"end":{"line":43,"column":29}},{"start":{"line":43,"column":33},"end":{"line":43,"column":47}},{"start":{"line":43,"column":51},"end":{"line":43,"column":54}}]},"4":{"loc":{"start":{"line":44,"column":20},"end":{"line":44,"column":58}},"type":"binary-expr","locations":[{"start":{"line":44,"column":20},"end":{"line":44,"column":31}},{"start":{"line":44,"column":35},"end":{"line":44,"column":58}}]},"5":{"loc":{"start":{"line":53,"column":2},"end":{"line":57,"column":3}},"type":"if","locations":[{"start":{"line":53,"column":2},"end":{"line":57,"column":3}},{"start":{"line":55,"column":9},"end":{"line":57,"column":3}}]},"6":{"loc":{"start":{"line":62,"column":15},"end":{"line":62,"column":39}},"type":"binary-expr","locations":[{"start":{"line":62,"column":15},"end":{"line":62,"column":31}},{"start":{"line":62,"column":35},"end":{"line":62,"column":39}}]}},"s":{"0":0,"1":0,"2":0,"3":0,"4":0,"5":0,"6":0,"7":0,"8":0,"9":0,"10":0,"11":0,"12":0,"13":0,"14":0,"15":0,"16":0,"17":0,"18":0,"19":0,"20":0,"21":0,"22":0,"23":0,"24":0,"25":0,"26":0,"27":0,"28":0,"29":0,"30":0,"31":0,"32":0,"33":0,"34":0},"f":{"0":0,"1":0,"2":0,"3":0,"4":0,"5":0,"6":0},"b":{"0":[0],"1":[0],"2":[0],"3":[0,0,0],"4":[0,0],"5":[0,0],"6":[0,0]}}
,"C:\\Users\\tukue\\SearchEngineAalyzer\\server\\plan-gating.ts": {"path":"C:\\Users\\tukue\\SearchEngineAalyzer\\server\\plan-gating.ts","statementMap":{"0":{"start":{"line":9,"column":23},"end":{"line":9,"column":55}},"1":{"start":{"line":10,"column":4},"end":{"line":10,"column":42}},"2":{"start":{"line":14,"column":23},"end":{"line":14,"column":55}},"3":{"start":{"line":15,"column":4},"end":{"line":15,"column":39}},"4":{"start":{"line":19,"column":4},"end":{"line":25,"column":6}},"5":{"start":{"line":29,"column":4},"end":{"line":34,"column":6}},"6":{"start":{"line":40,"column":2},"end":{"line":56,"column":4}},"7":{"start":{"line":41,"column":26},"end":{"line":41,"column":60}},"8":{"start":{"line":43,"column":4},"end":{"line":45,"column":5}},"9":{"start":{"line":44,"column":6},"end":{"line":44,"column":74}},"10":{"start":{"line":47,"column":4},"end":{"line":53,"column":5}},"11":{"start":{"line":48,"column":20},"end":{"line":50,"column":null}},"12":{"start":{"line":52,"column":6},"end":{"line":52,"column":41}},"13":{"start":{"line":55,"column":4},"end":{"line":55,"column":11}},"14":{"start":{"line":61,"column":2},"end":{"line":85,"column":4}},"15":{"start":{"line":61,"column":67},"end":{"line":85,"column":4}},"16":{"start":{"line":62,"column":26},"end":{"line":62,"column":60}},"17":{"start":{"line":64,"column":4},"end":{"line":66,"column":5}},"18":{"start":{"line":65,"column":6},"end":{"line":65,"column":74}},"19":{"start":{"line":68,"column":4},"end":{"line":84,"column":5}},"20":{"start":{"line":69,"column":25},"end":{"line":69,"column":89}},"21":{"start":{"line":71,"column":6},"end":{"line":76,"column":7}},"22":{"start":{"line":72,"column":8},"end":{"line":75,"column":11}},"23":{"start":{"line":79,"column":6},"end":{"line":79,"column":47}},"24":{"start":{"line":80,"column":6},"end":{"line":80,"column":13}},"25":{"start":{"line":82,"column":6},"end":{"line":82,"column":52}},"26":{"start":{"line":83,"column":6},"end":{"line":83,"column":65}},"27":{"start":{"line":90,"column":17},"end":{"line":90,"column":53}},"28":{"start":{"line":91,"column":16},"end":{"line":91,"column":63}},"29":{"start":{"line":92,"column":2},"end":{"line":92,"column":35}}},"fnMap":{"0":{"name":"(anonymous_7)","decl":{"start":{"line":8,"column":2},"end":{"line":8,"column":8}},"loc":{"start":{"line":8,"column":95},"end":{"line":11,"column":3}}},"1":{"name":"(anonymous_8)","decl":{"start":{"line":13,"column":2},"end":{"line":13,"column":8}},"loc":{"start":{"line":13,"column":90},"end":{"line":16,"column":3}}},"2":{"name":"(anonymous_9)","decl":{"start":{"line":18,"column":2},"end":{"line":18,"column":8}},"loc":{"start":{"line":18,"column":84},"end":{"line":26,"column":3}}},"3":{"name":"(anonymous_10)","decl":{"start":{"line":28,"column":2},"end":{"line":28,"column":8}},"loc":{"start":{"line":28,"column":62},"end":{"line":35,"column":3}}},"4":{"name":"requireEntitlement","decl":{"start":{"line":39,"column":16},"end":{"line":39,"column":34}},"loc":{"start":{"line":39,"column":74},"end":{"line":57,"column":1}}},"5":{"name":"(anonymous_12)","decl":{"start":{"line":40,"column":9},"end":{"line":40,"column":10}},"loc":{"start":{"line":40,"column":61},"end":{"line":56,"column":3}}},"6":{"name":"checkQuota","decl":{"start":{"line":60,"column":16},"end":{"line":60,"column":26}},"loc":{"start":{"line":60,"column":57},"end":{"line":86,"column":1}}},"7":{"name":"(anonymous_14)","decl":{"start":{"line":61,"column":9},"end":{"line":61,"column":16}},"loc":{"start":{"line":61,"column":67},"end":{"line":85,"column":4}}},"8":{"name":"(anonymous_15)","decl":{"start":{"line":61,"column":67},"end":{"line":61,"column":null}},"loc":{"start":{"line":61,"column":67},"end":{"line":85,"column":3}}},"9":{"name":"getCurrentUsage","decl":{"start":{"line":89,"column":15},"end":{"line":89,"column":30}},"loc":{"start":{"line":89,"column":66},"end":{"line":93,"column":null}}}},"branchMap":{"0":{"loc":{"start":{"line":23,"column":20},"end":{"line":23,"column":41}},"type":"binary-expr","locations":[{"start":{"line":23,"column":20},"end":{"line":23,"column":32}},{"start":{"line":23,"column":36},"end":{"line":23,"column":41}}]},"1":{"loc":{"start":{"line":24,"column":38},"end":{"line":24,"column":59}},"type":"binary-expr","locations":[{"start":{"line":24,"column":38},"end":{"line":24,"column":50}},{"start":{"line":24,"column":54},"end":{"line":24,"column":59}}]},"2":{"loc":{"start":{"line":43,"column":4},"end":{"line":45,"column":5}},"type":"if","locations":[{"start":{"line":43,"column":4},"end":{"line":45,"column":5}}]},"3":{"loc":{"start":{"line":47,"column":4},"end":{"line":53,"column":5}},"type":"if","locations":[{"start":{"line":47,"column":4},"end":{"line":53,"column":5}}]},"4":{"loc":{"start":{"line":64,"column":4},"end":{"line":66,"column":5}},"type":"if","locations":[{"start":{"line":64,"column":4},"end":{"line":66,"column":5}}]},"5":{"loc":{"start":{"line":71,"column":6},"end":{"line":76,"column":7}},"type":"if","locations":[{"start":{"line":71,"column":6},"end":{"line":76,"column":7}}]},"6":{"loc":{"start":{"line":92,"column":9},"end":{"line":92,"column":34}},"type":"binary-expr","locations":[{"start":{"line":92,"column":9},"end":{"line":92,"column":29}},{"start":{"line":92,"column":33},"end":{"line":92,"column":34}}]},"7":{"loc":{"start":{"line":92,"column":9},"end":{"line":92,"column":29}},"type":"cond-expr","locations":[{"start":{"line":92,"column":14},"end":{"line":92,"column":16}},{"start":{"line":92,"column":9},"end":{"line":92,"column":29}}]},"8":{"loc":{"start":{"line":92,"column":9},"end":{"line":92,"column":16}},"type":"binary-expr","locations":[{"start":{"line":92,"column":9},"end":{"line":92,"column":16}},{"start":{"line":92,"column":9},"end":{"line":92,"column":16}}]}},"s":{"0":0,"1":0,"2":0,"3":0,"4":0,"5":0,"6":0,"7":0,"8":0,"9":0,"10":0,"11":0,"12":0,"13":0,"14":0,"15":0,"16":0,"17":0,"18":0,"19":0,"20":0,"21":0,"22":0,"23":0,"24":0,"25":0,"26":0,"27":0,"28":0,"29":0},"f":{"0":0,"1":0,"2":0,"3":0,"4":0,"5":0,"6":0,"7":0,"8":0,"9":0},"b":{"0":[0,0],"1":[0,0],"2":[0],"3":[0],"4":[0],"5":[0],"6":[0,0],"7":[0,0],"8":[0,0]}}
,"C:\\Users\\tukue\\SearchEngineAalyzer\\server\\routes.ts": {"path":"C:\\Users\\tukue\\SearchEngineAalyzer\\server\\routes.ts","statementMap":{"0":{"start":{"line":15,"column":20},"end":{"line":15,"column":36}},"1":{"start":{"line":18,"column":2},"end":{"line":25,"column":5}},"2":{"start":{"line":18,"column":41},"end":{"line":25,"column":4}},"3":{"start":{"line":19,"column":4},"end":{"line":24,"column":5}},"4":{"start":{"line":20,"column":6},"end":{"line":20,"column":58}},"5":{"start":{"line":21,"column":6},"end":{"line":21,"column":13}},"6":{"start":{"line":23,"column":6},"end":{"line":23,"column":73}},"7":{"start":{"line":28,"column":2},"end":{"line":35,"column":5}},"8":{"start":{"line":29,"column":4},"end":{"line":34,"column":7}},"9":{"start":{"line":38,"column":2},"end":{"line":54,"column":5}},"10":{"start":{"line":38,"column":44},"end":{"line":54,"column":4}},"11":{"start":{"line":39,"column":4},"end":{"line":53,"column":5}},"12":{"start":{"line":40,"column":28},"end":{"line":40,"column":62}},"13":{"start":{"line":41,"column":25},"end":{"line":41,"column":57}},"14":{"start":{"line":42,"column":26},"end":{"line":42,"column":89}},"15":{"start":{"line":44,"column":6},"end":{"line":49,"column":9}},"16":{"start":{"line":51,"column":6},"end":{"line":51,"column":56}},"17":{"start":{"line":52,"column":6},"end":{"line":52,"column":76}},"18":{"start":{"line":57,"column":2},"end":{"line":67,"column":5}},"19":{"start":{"line":57,"column":45},"end":{"line":67,"column":4}},"20":{"start":{"line":58,"column":4},"end":{"line":66,"column":5}},"21":{"start":{"line":59,"column":28},"end":{"line":59,"column":62}},"22":{"start":{"line":60,"column":26},"end":{"line":60,"column":89}},"23":{"start":{"line":62,"column":6},"end":{"line":62,"column":28}},"24":{"start":{"line":64,"column":6},"end":{"line":64,"column":59}},"25":{"start":{"line":65,"column":6},"end":{"line":65,"column":72}},"26":{"start":{"line":70,"column":2},"end":{"line":86,"column":5}},"27":{"start":{"line":70,"column":47},"end":{"line":86,"column":4}},"28":{"start":{"line":71,"column":4},"end":{"line":85,"column":5}},"29":{"start":{"line":72,"column":28},"end":{"line":72,"column":62}},"30":{"start":{"line":73,"column":27},"end":{"line":73,"column":89}},"31":{"start":{"line":75,"column":22},"end":{"line":75,"column":92}},"32":{"start":{"line":77,"column":6},"end":{"line":81,"column":9}},"33":{"start":{"line":83,"column":6},"end":{"line":83,"column":54}},"34":{"start":{"line":84,"column":6},"end":{"line":84,"column":76}},"35":{"start":{"line":89,"column":2},"end":{"line":114,"column":5}},"36":{"start":{"line":89,"column":89},"end":{"line":114,"column":4}},"37":{"start":{"line":90,"column":4},"end":{"line":113,"column":5}},"38":{"start":{"line":91,"column":28},"end":{"line":91,"column":62}},"39":{"start":{"line":92,"column":25},"end":{"line":92,"column":48}},"40":{"start":{"line":93,"column":21},"end":{"line":93,"column":46}},"41":{"start":{"line":95,"column":23},"end":{"line":95,"column":84}},"42":{"start":{"line":96,"column":6},"end":{"line":98,"column":7}},"43":{"start":{"line":97,"column":8},"end":{"line":97,"column":71}},"44":{"start":{"line":101,"column":6},"end":{"line":101,"column":69}},"45":{"start":{"line":105,"column":6},"end":{"line":109,"column":9}},"46":{"start":{"line":111,"column":6},"end":{"line":111,"column":56}},"47":{"start":{"line":112,"column":6},"end":{"line":112,"column":69}},"48":{"start":{"line":117,"column":2},"end":{"line":444,"column":5}},"49":{"start":{"line":117,"column":94},"end":{"line":444,"column":4}},"50":{"start":{"line":118,"column":26},"end":{"line":118,"column":60}},"51":{"start":{"line":119,"column":22},"end":{"line":119,"column":41}},"52":{"start":{"line":121,"column":4},"end":{"line":443,"column":5}},"53":{"start":{"line":123,"column":27},"end":{"line":123,"column":55}},"54":{"start":{"line":124,"column":22},"end":{"line":124,"column":34}},"55":{"start":{"line":126,"column":26},"end":{"line":126,"column":29}},"56":{"start":{"line":127,"column":6},"end":{"line":129,"column":7}},"57":{"start":{"line":128,"column":8},"end":{"line":128,"column":51}},"58":{"start":{"line":133,"column":6},"end":{"line":149,"column":7}},"59":{"start":{"line":134,"column":8},"end":{"line":138,"column":11}},"60":{"start":{"line":140,"column":8},"end":{"line":144,"column":9}},"61":{"start":{"line":141,"column":10},"end":{"line":143,"column":13}},"62":{"start":{"line":146,"column":8},"end":{"line":148,"column":11}},"63":{"start":{"line":151,"column":19},"end":{"line":151,"column":40}},"64":{"start":{"line":154,"column":16},"end":{"line":154,"column":34}},"65":{"start":{"line":157,"column":31},"end":{"line":157,"column":92}},"66":{"start":{"line":158,"column":34},"end":{"line":158,"column":170}},"67":{"start":{"line":159,"column":37},"end":{"line":159,"column":109}},"68":{"start":{"line":162,"column":21},"end":{"line":162,"column":22}},"69":{"start":{"line":163,"column":24},"end":{"line":163,"column":25}},"70":{"start":{"line":164,"column":27},"end":{"line":164,"column":28}},"71":{"start":{"line":165,"column":25},"end":{"line":165,"column":26}},"72":{"start":{"line":168,"column":35},"end":{"line":168,"column":37}},"73":{"start":{"line":171,"column":23},"end":{"line":171,"column":48}},"74":{"start":{"line":172,"column":6},"end":{"line":188,"column":7}},"75":{"start":{"line":173,"column":8},"end":{"line":178,"column":11}},"76":{"start":{"line":179,"column":8},"end":{"line":179,"column":19}},"77":{"start":{"line":181,"column":8},"end":{"line":186,"column":11}},"78":{"start":{"line":187,"column":8},"end":{"line":187,"column":23}},"79":{"start":{"line":191,"column":28},"end":{"line":191,"column":67}},"80":{"start":{"line":192,"column":6},"end":{"line":208,"column":7}},"81":{"start":{"line":193,"column":8},"end":{"line":198,"column":11}},"82":{"start":{"line":199,"column":8},"end":{"line":199,"column":19}},"83":{"start":{"line":201,"column":8},"end":{"line":206,"column":11}},"84":{"start":{"line":207,"column":8},"end":{"line":207,"column":23}},"85":{"start":{"line":211,"column":6},"end":{"line":246,"column":9}},"86":{"start":{"line":212,"column":21},"end":{"line":212,"column":41}},"87":{"start":{"line":213,"column":25},"end":{"line":213,"column":49}},"88":{"start":{"line":214,"column":26},"end":{"line":214,"column":52}},"89":{"start":{"line":215,"column":24},"end":{"line":215,"column":47}},"90":{"start":{"line":216,"column":24},"end":{"line":216,"column":53}},"91":{"start":{"line":218,"column":22},"end":{"line":218,"column":64}},"92":{"start":{"line":219,"column":22},"end":{"line":219,"column":33}},"93":{"start":{"line":222,"column":8},"end":{"line":235,"column":9}},"94":{"start":{"line":223,"column":10},"end":{"line":223,"column":26}},"95":{"start":{"line":224,"column":10},"end":{"line":224,"column":21}},"96":{"start":{"line":225,"column":15},"end":{"line":235,"column":9}},"97":{"start":{"line":226,"column":10},"end":{"line":226,"column":29}},"98":{"start":{"line":227,"column":10},"end":{"line":227,"column":24}},"99":{"start":{"line":228,"column":15},"end":{"line":235,"column":9}},"100":{"start":{"line":229,"column":10},"end":{"line":229,"column":32}},"101":{"start":{"line":230,"column":10},"end":{"line":230,"column":27}},"102":{"start":{"line":231,"column":15},"end":{"line":235,"column":9}},"103":{"start":{"line":233,"column":10},"end":{"line":233,"column":26}},"104":{"start":{"line":234,"column":10},"end":{"line":234,"column":21}},"105":{"start":{"line":237,"column":8},"end":{"line":245,"column":11}},"106":{"start":{"line":249,"column":37},"end":{"line":249,"column":39}},"107":{"start":{"line":252,"column":24},"end":{"line":257,"column":7}},"108":{"start":{"line":253,"column":8},"end":{"line":256,"column":10}},"109":{"start":{"line":254,"column":11},"end":{"line":255,"column":55}},"110":{"start":{"line":260,"column":6},"end":{"line":303,"column":9}},"111":{"start":{"line":261,"column":8},"end":{"line":302,"column":9}},"112":{"start":{"line":262,"column":10},"end":{"line":267,"column":13}},"113":{"start":{"line":268,"column":10},"end":{"line":268,"column":25}},"114":{"start":{"line":271,"column":24},"end":{"line":271,"column":26}},"115":{"start":{"line":272,"column":28},"end":{"line":272,"column":30}},"116":{"start":{"line":274,"column":10},"end":{"line":295,"column":11}},"117":{"start":{"line":276,"column":14},"end":{"line":276,"column":77}},"118":{"start":{"line":277,"column":14},"end":{"line":277,"column":130}},"119":{"start":{"line":278,"column":14},"end":{"line":278,"column":20}},"120":{"start":{"line":280,"column":14},"end":{"line":280,"column":104}},"121":{"start":{"line":281,"column":14},"end":{"line":281,"column":107}},"122":{"start":{"line":282,"column":14},"end":{"line":282,"column":20}},"123":{"start":{"line":284,"column":14},"end":{"line":284,"column":88}},"124":{"start":{"line":285,"column":14},"end":{"line":285,"column":113}},"125":{"start":{"line":286,"column":14},"end":{"line":286,"column":20}},"126":{"start":{"line":288,"column":14},"end":{"line":288,"column":95}},"127":{"start":{"line":289,"column":14},"end":{"line":289,"column":136}},"128":{"start":{"line":290,"column":14},"end":{"line":290,"column":20}},"129":{"start":{"line":292,"column":14},"end":{"line":292,"column":81}},"130":{"start":{"line":293,"column":14},"end":{"line":293,"column":130}},"131":{"start":{"line":294,"column":14},"end":{"line":294,"column":20}},"132":{"start":{"line":297,"column":10},"end":{"line":301,"column":13}},"133":{"start":{"line":306,"column":6},"end":{"line":352,"column":9}},"134":{"start":{"line":307,"column":8},"end":{"line":351,"column":9}},"135":{"start":{"line":308,"column":10},"end":{"line":314,"column":13}},"136":{"start":{"line":315,"column":10},"end":{"line":315,"column":25}},"137":{"start":{"line":318,"column":10},"end":{"line":350,"column":11}},"138":{"start":{"line":319,"column":26},"end":{"line":319,"column":28}},"139":{"start":{"line":320,"column":30},"end":{"line":320,"column":32}},"140":{"start":{"line":322,"column":12},"end":{"line":343,"column":13}},"141":{"start":{"line":324,"column":16},"end":{"line":324,"column":81}},"142":{"start":{"line":325,"column":16},"end":{"line":325,"column":118}},"143":{"start":{"line":326,"column":16},"end":{"line":326,"column":22}},"144":{"start":{"line":328,"column":16},"end":{"line":328,"column":118}},"145":{"start":{"line":329,"column":16},"end":{"line":329,"column":94}},"146":{"start":{"line":330,"column":16},"end":{"line":330,"column":22}},"147":{"start":{"line":332,"column":16},"end":{"line":332,"column":95}},"148":{"start":{"line":333,"column":16},"end":{"line":333,"column":107}},"149":{"start":{"line":334,"column":16},"end":{"line":334,"column":22}},"150":{"start":{"line":336,"column":16},"end":{"line":336,"column":85}},"151":{"start":{"line":337,"column":16},"end":{"line":337,"column":108}},"152":{"start":{"line":338,"column":16},"end":{"line":338,"column":22}},"153":{"start":{"line":340,"column":16},"end":{"line":340,"column":96}},"154":{"start":{"line":341,"column":16},"end":{"line":341,"column":99}},"155":{"start":{"line":342,"column":16},"end":{"line":342,"column":22}},"156":{"start":{"line":345,"column":12},"end":{"line":349,"column":15}},"157":{"start":{"line":355,"column":6},"end":{"line":390,"column":9}},"158":{"start":{"line":356,"column":8},"end":{"line":389,"column":9}},"159":{"start":{"line":357,"column":10},"end":{"line":364,"column":13}},"160":{"start":{"line":365,"column":10},"end":{"line":365,"column":25}},"161":{"start":{"line":368,"column":10},"end":{"line":388,"column":11}},"162":{"start":{"line":369,"column":26},"end":{"line":369,"column":28}},"163":{"start":{"line":370,"column":30},"end":{"line":370,"column":32}},"164":{"start":{"line":372,"column":12},"end":{"line":381,"column":13}},"165":{"start":{"line":374,"column":16},"end":{"line":374,"column":73}},"166":{"start":{"line":375,"column":16},"end":{"line":375,"column":103}},"167":{"start":{"line":376,"column":16},"end":{"line":376,"column":22}},"168":{"start":{"line":378,"column":16},"end":{"line":378,"column":51}},"169":{"start":{"line":379,"column":16},"end":{"line":379,"column":88}},"170":{"start":{"line":380,"column":16},"end":{"line":380,"column":22}},"171":{"start":{"line":383,"column":12},"end":{"line":387,"column":15}},"172":{"start":{"line":393,"column":33},"end":{"line":395,"column":109}},"173":{"start":{"line":394,"column":65},"end":{"line":394,"column":135}},"174":{"start":{"line":395,"column":68},"end":{"line":395,"column":101}},"175":{"start":{"line":397,"column":35},"end":{"line":397,"column":68}},"176":{"start":{"line":398,"column":26},"end":{"line":398,"column":87}},"177":{"start":{"line":401,"column":24},"end":{"line":401,"column":44}},"178":{"start":{"line":403,"column":29},"end":{"line":417,"column":8}},"179":{"start":{"line":420,"column":29},"end":{"line":420,"column":97}},"180":{"start":{"line":423,"column":6},"end":{"line":423,"column":80}},"181":{"start":{"line":426,"column":6},"end":{"line":426,"column":68}},"182":{"start":{"line":428,"column":6},"end":{"line":428,"column":31}},"183":{"start":{"line":431,"column":6},"end":{"line":435,"column":7}},"184":{"start":{"line":432,"column":8},"end":{"line":432,"column":78}},"185":{"start":{"line":434,"column":8},"end":{"line":434,"column":67}},"186":{"start":{"line":437,"column":6},"end":{"line":440,"column":7}},"187":{"start":{"line":438,"column":32},"end":{"line":438,"column":51}},"188":{"start":{"line":439,"column":8},"end":{"line":439,"column":102}},"189":{"start":{"line":441,"column":6},"end":{"line":441,"column":55}},"190":{"start":{"line":442,"column":6},"end":{"line":442,"column":69}},"191":{"start":{"line":446,"column":2},"end":{"line":446,"column":29}},"192":{"start":{"line":448,"column":21},"end":{"line":448,"column":38}},"193":{"start":{"line":449,"column":2},"end":{"line":449,"column":20}}},"fnMap":{"0":{"name":"registerRoutes","decl":{"start":{"line":13,"column":22},"end":{"line":13,"column":36}},"loc":{"start":{"line":13,"column":49},"end":{"line":450,"column":null}}},"1":{"name":"(anonymous_9)","decl":{"start":{"line":18,"column":16},"end":{"line":18,"column":23}},"loc":{"start":{"line":18,"column":41},"end":{"line":25,"column":4}}},"2":{"name":"(anonymous_10)","decl":{"start":{"line":18,"column":41},"end":{"line":18,"column":null}},"loc":{"start":{"line":18,"column":41},"end":{"line":25,"column":3}}},"3":{"name":"(anonymous_11)","decl":{"start":{"line":28,"column":27},"end":{"line":28,"column":28}},"loc":{"start":{"line":28,"column":40},"end":{"line":35,"column":3}}},"4":{"name":"(anonymous_12)","decl":{"start":{"line":38,"column":25},"end":{"line":38,"column":32}},"loc":{"start":{"line":38,"column":44},"end":{"line":54,"column":4}}},"5":{"name":"(anonymous_13)","decl":{"start":{"line":38,"column":44},"end":{"line":38,"column":null}},"loc":{"start":{"line":38,"column":44},"end":{"line":54,"column":3}}},"6":{"name":"(anonymous_14)","decl":{"start":{"line":57,"column":26},"end":{"line":57,"column":33}},"loc":{"start":{"line":57,"column":45},"end":{"line":67,"column":4}}},"7":{"name":"(anonymous_15)","decl":{"start":{"line":57,"column":45},"end":{"line":57,"column":null}},"loc":{"start":{"line":57,"column":45},"end":{"line":67,"column":3}}},"8":{"name":"(anonymous_16)","decl":{"start":{"line":70,"column":28},"end":{"line":70,"column":35}},"loc":{"start":{"line":70,"column":47},"end":{"line":86,"column":4}}},"9":{"name":"(anonymous_17)","decl":{"start":{"line":70,"column":47},"end":{"line":70,"column":null}},"loc":{"start":{"line":70,"column":47},"end":{"line":86,"column":3}}},"10":{"name":"(anonymous_18)","decl":{"start":{"line":89,"column":70},"end":{"line":89,"column":77}},"loc":{"start":{"line":89,"column":89},"end":{"line":114,"column":4}}},"11":{"name":"(anonymous_19)","decl":{"start":{"line":89,"column":89},"end":{"line":89,"column":null}},"loc":{"start":{"line":89,"column":89},"end":{"line":114,"column":3}}},"12":{"name":"(anonymous_20)","decl":{"start":{"line":117,"column":75},"end":{"line":117,"column":82}},"loc":{"start":{"line":117,"column":94},"end":{"line":444,"column":4}}},"13":{"name":"(anonymous_21)","decl":{"start":{"line":117,"column":94},"end":{"line":117,"column":null}},"loc":{"start":{"line":117,"column":94},"end":{"line":444,"column":3}}},"14":{"name":"(anonymous_22)","decl":{"start":{"line":211,"column":21},"end":{"line":211,"column":22}},"loc":{"start":{"line":211,"column":33},"end":{"line":246,"column":7}}},"15":{"name":"(anonymous_23)","decl":{"start":{"line":252,"column":24},"end":{"line":252,"column":25}},"loc":{"start":{"line":252,"column":44},"end":{"line":257,"column":7}}},"16":{"name":"(anonymous_24)","decl":{"start":{"line":253,"column":34},"end":{"line":253,"column":37}},"loc":{"start":{"line":254,"column":11},"end":{"line":255,"column":55}}},"17":{"name":"(anonymous_25)","decl":{"start":{"line":260,"column":31},"end":{"line":260,"column":34}},"loc":{"start":{"line":260,"column":37},"end":{"line":303,"column":7}}},"18":{"name":"(anonymous_26)","decl":{"start":{"line":306,"column":34},"end":{"line":306,"column":37}},"loc":{"start":{"line":306,"column":40},"end":{"line":352,"column":7}}},"19":{"name":"(anonymous_27)","decl":{"start":{"line":355,"column":37},"end":{"line":355,"column":40}},"loc":{"start":{"line":355,"column":43},"end":{"line":390,"column":7}}},"20":{"name":"(anonymous_28)","decl":{"start":{"line":394,"column":60},"end":{"line":394,"column":61}},"loc":{"start":{"line":394,"column":65},"end":{"line":394,"column":135}}},"21":{"name":"(anonymous_29)","decl":{"start":{"line":395,"column":63},"end":{"line":395,"column":64}},"loc":{"start":{"line":395,"column":68},"end":{"line":395,"column":101}}}},"branchMap":{"0":{"loc":{"start":{"line":93,"column":21},"end":{"line":93,"column":46}},"type":"binary-expr","locations":[{"start":{"line":93,"column":21},"end":{"line":93,"column":36}},{"start":{"line":93,"column":40},"end":{"line":93,"column":46}}]},"1":{"loc":{"start":{"line":96,"column":6},"end":{"line":98,"column":7}},"type":"if","locations":[{"start":{"line":96,"column":6},"end":{"line":98,"column":7}}]},"2":{"loc":{"start":{"line":127,"column":6},"end":{"line":129,"column":7}},"type":"if","locations":[{"start":{"line":127,"column":6},"end":{"line":129,"column":7}}]},"3":{"loc":{"start":{"line":127,"column":10},"end":{"line":127,"column":87}},"type":"binary-expr","locations":[{"start":{"line":127,"column":10},"end":{"line":127,"column":46}},{"start":{"line":127,"column":50},"end":{"line":127,"column":87}}]},"4":{"loc":{"start":{"line":140,"column":8},"end":{"line":144,"column":9}},"type":"if","locations":[{"start":{"line":140,"column":8},"end":{"line":144,"column":9}}]},"5":{"loc":{"start":{"line":147,"column":56},"end":{"line":147,"column":110}},"type":"cond-expr","locations":[{"start":{"line":147,"column":81},"end":{"line":147,"column":94}},{"start":{"line":147,"column":97},"end":{"line":147,"column":110}}]},"6":{"loc":{"start":{"line":172,"column":6},"end":{"line":188,"column":7}},"type":"if","locations":[{"start":{"line":172,"column":6},"end":{"line":188,"column":7}},{"start":{"line":180,"column":13},"end":{"line":188,"column":7}}]},"7":{"loc":{"start":{"line":192,"column":6},"end":{"line":208,"column":7}},"type":"if","locations":[{"start":{"line":192,"column":6},"end":{"line":208,"column":7}},{"start":{"line":200,"column":13},"end":{"line":208,"column":7}}]},"8":{"loc":{"start":{"line":216,"column":24},"end":{"line":216,"column":53}},"type":"binary-expr","locations":[{"start":{"line":216,"column":24},"end":{"line":216,"column":47}},{"start":{"line":216,"column":51},"end":{"line":216,"column":53}}]},"9":{"loc":{"start":{"line":218,"column":22},"end":{"line":218,"column":64}},"type":"binary-expr","locations":[{"start":{"line":218,"column":22},"end":{"line":218,"column":26}},{"start":{"line":218,"column":30},"end":{"line":218,"column":38}},{"start":{"line":218,"column":42},"end":{"line":218,"column":51}},{"start":{"line":218,"column":55},"end":{"line":218,"column":64}}]},"10":{"loc":{"start":{"line":222,"column":8},"end":{"line":235,"column":9}},"type":"if","locations":[{"start":{"line":222,"column":8},"end":{"line":235,"column":9}},{"start":{"line":225,"column":15},"end":{"line":235,"column":9}}]},"11":{"loc":{"start":{"line":222,"column":12},"end":{"line":222,"column":51}},"type":"binary-expr","locations":[{"start":{"line":222,"column":12},"end":{"line":222,"column":16}},{"start":{"line":222,"column":20},"end":{"line":222,"column":51}}]},"12":{"loc":{"start":{"line":225,"column":15},"end":{"line":235,"column":9}},"type":"if","locations":[{"start":{"line":225,"column":15},"end":{"line":235,"column":9}},{"start":{"line":228,"column":15},"end":{"line":235,"column":9}}]},"13":{"loc":{"start":{"line":225,"column":19},"end":{"line":225,"column":100}},"type":"binary-expr","locations":[{"start":{"line":225,"column":20},"end":{"line":225,"column":24}},{"start":{"line":225,"column":28},"end":{"line":225,"column":55}},{"start":{"line":225,"column":61},"end":{"line":225,"column":69}},{"start":{"line":225,"column":73},"end":{"line":225,"column":99}}]},"14":{"loc":{"start":{"line":228,"column":15},"end":{"line":235,"column":9}},"type":"if","locations":[{"start":{"line":228,"column":15},"end":{"line":235,"column":9}},{"start":{"line":231,"column":15},"end":{"line":235,"column":9}}]},"15":{"loc":{"start":{"line":228,"column":19},"end":{"line":228,"column":86}},"type":"binary-expr","locations":[{"start":{"line":228,"column":19},"end":{"line":228,"column":26}},{"start":{"line":228,"column":30},"end":{"line":228,"column":39}},{"start":{"line":228,"column":43},"end":{"line":228,"column":86}}]},"16":{"loc":{"start":{"line":228,"column":75},"end":{"line":228,"column":85}},"type":"binary-expr","locations":[{"start":{"line":228,"column":75},"end":{"line":228,"column":79}},{"start":{"line":228,"column":83},"end":{"line":228,"column":85}}]},"17":{"loc":{"start":{"line":231,"column":15},"end":{"line":235,"column":9}},"type":"if","locations":[{"start":{"line":231,"column":15},"end":{"line":235,"column":9}}]},"18":{"loc":{"start":{"line":231,"column":19},"end":{"line":231,"column":35}},"type":"binary-expr","locations":[{"start":{"line":231,"column":19},"end":{"line":231,"column":23}},{"start":{"line":231,"column":27},"end":{"line":231,"column":35}}]},"19":{"loc":{"start":{"line":254,"column":11},"end":{"line":255,"column":55}},"type":"binary-expr","locations":[{"start":{"line":254,"column":11},"end":{"line":254,"column":31}},{"start":{"line":254,"column":35},"end":{"line":254,"column":59}},{"start":{"line":255,"column":11},"end":{"line":255,"column":31}},{"start":{"line":255,"column":35},"end":{"line":255,"column":54}}]},"20":{"loc":{"start":{"line":261,"column":8},"end":{"line":302,"column":9}},"type":"if","locations":[{"start":{"line":261,"column":8},"end":{"line":302,"column":9}}]},"21":{"loc":{"start":{"line":274,"column":10},"end":{"line":295,"column":11}},"type":"switch","locations":[{"start":{"line":275,"column":12},"end":{"line":278,"column":20}},{"start":{"line":279,"column":12},"end":{"line":282,"column":20}},{"start":{"line":283,"column":12},"end":{"line":286,"column":20}},{"start":{"line":287,"column":12},"end":{"line":290,"column":20}},{"start":{"line":291,"column":12},"end":{"line":294,"column":20}}]},"22":{"loc":{"start":{"line":307,"column":8},"end":{"line":351,"column":9}},"type":"if","locations":[{"start":{"line":307,"column":8},"end":{"line":351,"column":9}}]},"23":{"loc":{"start":{"line":309,"column":22},"end":{"line":309,"column":59}},"type":"cond-expr","locations":[{"start":{"line":309,"column":44},"end":{"line":309,"column":47}},{"start":{"line":309,"column":50},"end":{"line":309,"column":59}}]},"24":{"loc":{"start":{"line":310,"column":18},"end":{"line":310,"column":60}},"type":"cond-expr","locations":[{"start":{"line":310,"column":45},"end":{"line":310,"column":48}},{"start":{"line":310,"column":51},"end":{"line":310,"column":60}}]},"25":{"loc":{"start":{"line":318,"column":10},"end":{"line":350,"column":11}},"type":"if","locations":[{"start":{"line":318,"column":10},"end":{"line":350,"column":11}}]},"26":{"loc":{"start":{"line":322,"column":12},"end":{"line":343,"column":13}},"type":"switch","locations":[{"start":{"line":323,"column":14},"end":{"line":326,"column":22}},{"start":{"line":327,"column":14},"end":{"line":330,"column":22}},{"start":{"line":331,"column":14},"end":{"line":334,"column":22}},{"start":{"line":335,"column":14},"end":{"line":338,"column":22}},{"start":{"line":339,"column":14},"end":{"line":342,"column":22}}]},"27":{"loc":{"start":{"line":356,"column":8},"end":{"line":389,"column":9}},"type":"if","locations":[{"start":{"line":356,"column":8},"end":{"line":389,"column":9}}]},"28":{"loc":{"start":{"line":356,"column":12},"end":{"line":356,"column":82}},"type":"binary-expr","locations":[{"start":{"line":356,"column":12},"end":{"line":356,"column":27}},{"start":{"line":356,"column":31},"end":{"line":356,"column":82}}]},"29":{"loc":{"start":{"line":358,"column":18},"end":{"line":358,"column":95}},"type":"cond-expr","locations":[{"start":{"line":358,"column":80},"end":{"line":358,"column":83}},{"start":{"line":358,"column":86},"end":{"line":358,"column":95}}]},"30":{"loc":{"start":{"line":359,"column":23},"end":{"line":359,"column":71}},"type":"cond-expr","locations":[{"start":{"line":359,"column":56},"end":{"line":359,"column":59}},{"start":{"line":359,"column":62},"end":{"line":359,"column":71}}]},"31":{"loc":{"start":{"line":360,"column":21},"end":{"line":360,"column":62}},"type":"cond-expr","locations":[{"start":{"line":360,"column":41},"end":{"line":360,"column":50}},{"start":{"line":360,"column":53},"end":{"line":360,"column":62}}]},"32":{"loc":{"start":{"line":368,"column":10},"end":{"line":388,"column":11}},"type":"if","locations":[{"start":{"line":368,"column":10},"end":{"line":388,"column":11}}]},"33":{"loc":{"start":{"line":372,"column":12},"end":{"line":381,"column":13}},"type":"switch","locations":[{"start":{"line":373,"column":14},"end":{"line":376,"column":22}},{"start":{"line":377,"column":14},"end":{"line":380,"column":22}}]},"34":{"loc":{"start":{"line":437,"column":6},"end":{"line":440,"column":7}},"type":"if","locations":[{"start":{"line":437,"column":6},"end":{"line":440,"column":7}}]},"35":{"loc":{"start":{"line":439,"column":47},"end":{"line":439,"column":98}},"type":"binary-expr","locations":[{"start":{"line":439,"column":47},"end":{"line":439,"column":70}},{"start":{"line":439,"column":74},"end":{"line":439,"column":98}}]}},"s":{"0":0,"1":0,"2":0,"3":0,"4":0,"5":0,"6":0,"7":0,"8":0,"9":0,"10":0,"11":0,"12":0,"13":0,"14":0,"15":0,"16":0,"17":0,"18":0,"19":0,"20":0,"21":0,"22":0,"23":0,"24":0,"25":0,"26":0,"27":0,"28":0,"29":0,"30":0,"31":0,"32":0,"33":0,"34":0,"35":0,"36":0,"37":0,"38":0,"39":0,"40":0,"41":0,"42":0,"43":0,"44":0,"45":0,"46":0,"47":0,"48":0,"49":0,"50":0,"51":0,"52":0,"53":0,"54":0,"55":0,"56":0,"57":0,"58":0,"59":0,"60":0,"61":0,"62":0,"63":0,"64":0,"65":0,"66":0,"67":0,"68":0,"69":0,"70":0,"71":0,"72":0,"73":0,"74":0,"75":0,"76":0,"77":0,"78":0,"79":0,"80":0,"81":0,"82":0,"83":0,"84":0,"85":0,"86":0,"87":0,"88":0,"89":0,"90":0,"91":0,"92":0,"93":0,"94":0,"95":0,"96":0,"97":0,"98":0,"99":0,"100":0,"101":0,"102":0,"103":0,"104":0,"105":0,"106":0,"107":0,"108":0,"109":0,"110":0,"111":0,"112":0,"113":0,"114":0,"115":0,"116":0,"117":0,"118":0,"119":0,"120":0,"121":0,"122":0,"123":0,"124":0,"125":0,"126":0,"127":0,"128":0,"129":0,"130":0,"131":0,"132":0,"133":0,"134":0,"135":0,"136":0,"137":0,"138":0,"139":0,"140":0,"141":0,"142":0,"143":0,"144":0,"145":0,"146":0,"147":0,"148":0,"149":0,"150":0,"151":0,"152":0,"153":0,"154":0,"155":0,"156":0,"157":0,"158":0,"159":0,"160":0,"161":0,"162":0,"163":0,"164":0,"165":0,"166":0,"167":0,"168":0,"169":0,"170":0,"171":0,"172":0,"173":0,"174":0,"175":0,"176":0,"177":0,"178":0,"179":0,"180":0,"181":0,"182":0,"183":0,"184":0,"185":0,"186":0,"187":0,"188":0,"189":0,"190":0,"191":0,"192":0,"193":0},"f":{"0":0,"1":0,"2":0,"3":0,"4":0,"5":0,"6":0,"7":0,"8":0,"9":0,"10":0,"11":0,"12":0,"13":0,"14":0,"15":0,"16":0,"17":0,"18":0,"19":0,"20":0,"21":0},"b":{"0":[0,0],"1":[0],"2":[0],"3":[0,0],"4":[0],"5":[0,0],"6":[0,0],"7":[0,0],"8":[0,0],"9":[0,0,0,0],"10":[0,0],"11":[0,0],"12":[0,0],"13":[0,0,0,0],"14":[0,0],"15":[0,0,0],"16":[0,0],"17":[0],"18":[0,0],"19":[0,0,0,0],"20":[0],"21":[0,0,0,0,0],"22":[0],"23":[0,0],"24":[0,0],"25":[0],"26":[0,0,0,0,0],"27":[0],"28":[0,0],"29":[0,0],"30":[0,0],"31":[0,0],"32":[0],"33":[0,0],"34":[0],"35":[0,0]}}
,"C:\\Users\\tukue\\SearchEngineAalyzer\\server\\storage.ts": {"path":"C:\\Users\\tukue\\SearchEngineAalyzer\\server\\storage.ts","statementMap":{"0":{"start":{"line":357,"column":0},"end":{"line":357,"column":22}},"1":{"start":{"line":65,"column":4},"end":{"line":65,"column":29}},"2":{"start":{"line":66,"column":4},"end":{"line":66,"column":30}},"3":{"start":{"line":67,"column":4},"end":{"line":67,"column":30}},"4":{"start":{"line":68,"column":4},"end":{"line":68,"column":37}},"5":{"start":{"line":69,"column":4},"end":{"line":69,"column":33}},"6":{"start":{"line":70,"column":4},"end":{"line":70,"column":35}},"7":{"start":{"line":71,"column":4},"end":{"line":71,"column":33}},"8":{"start":{"line":72,"column":4},"end":{"line":72,"column":34}},"9":{"start":{"line":73,"column":4},"end":{"line":73,"column":29}},"10":{"start":{"line":74,"column":4},"end":{"line":74,"column":31}},"11":{"start":{"line":75,"column":4},"end":{"line":75,"column":30}},"12":{"start":{"line":76,"column":4},"end":{"line":76,"column":37}},"13":{"start":{"line":77,"column":4},"end":{"line":77,"column":33}},"14":{"start":{"line":78,"column":4},"end":{"line":78,"column":28}},"15":{"start":{"line":79,"column":4},"end":{"line":79,"column":29}},"16":{"start":{"line":80,"column":4},"end":{"line":80,"column":35}},"17":{"start":{"line":83,"column":4},"end":{"line":83,"column":48}},"18":{"start":{"line":86,"column":21},"end":{"line":100,"column":null}},"19":{"start":{"line":87,"column":21},"end":{"line":87,"column":43}},"20":{"start":{"line":88,"column":27},"end":{"line":94,"column":6}},"21":{"start":{"line":96,"column":4},"end":{"line":96,"column":39}},"22":{"start":{"line":97,"column":4},"end":{"line":97,"column":39}},"23":{"start":{"line":99,"column":4},"end":{"line":99,"column":18}},"24":{"start":{"line":103,"column":4},"end":{"line":103,"column":32}},"25":{"start":{"line":107,"column":19},"end":{"line":107,"column":45}},"26":{"start":{"line":108,"column":4},"end":{"line":108,"column":53}},"27":{"start":{"line":108,"column":17},"end":{"line":108,"column":53}},"28":{"start":{"line":110,"column":25},"end":{"line":110,"column":36}},"29":{"start":{"line":111,"column":4},"end":{"line":111,"column":26}},"30":{"start":{"line":112,"column":4},"end":{"line":112,"column":34}},"31":{"start":{"line":115,"column":35},"end":{"line":122,"column":6}},"32":{"start":{"line":124,"column":20},"end":{"line":124,"column":56}},"33":{"start":{"line":125,"column":4},"end":{"line":125,"column":29}},"34":{"start":{"line":126,"column":4},"end":{"line":126,"column":44}},"35":{"start":{"line":128,"column":4},"end":{"line":128,"column":86}},"36":{"start":{"line":132,"column":23},"end":{"line":132,"column":47}},"37":{"start":{"line":135,"column":18},"end":{"line":138,"column":null}},"38":{"start":{"line":141,"column":4},"end":{"line":141,"column":44}},"39":{"start":{"line":144,"column":28},"end":{"line":159,"column":6}},"40":{"start":{"line":145,"column":24},"end":{"line":145,"column":47}},"41":{"start":{"line":146,"column":6},"end":{"line":158,"column":8}},"42":{"start":{"line":161,"column":4},"end":{"line":161,"column":40}},"43":{"start":{"line":164,"column":35},"end":{"line":173,"column":6}},"44":{"start":{"line":165,"column":20},"end":{"line":165,"column":50}},"45":{"start":{"line":166,"column":6},"end":{"line":172,"column":8}},"46":{"start":{"line":175,"column":4},"end":{"line":175,"column":47}},"47":{"start":{"line":178,"column":4},"end":{"line":182,"column":6}},"48":{"start":{"line":186,"column":21},"end":{"line":186,"column":42}},"49":{"start":{"line":187,"column":4},"end":{"line":187,"column":70}},"50":{"start":{"line":187,"column":53},"end":{"line":187,"column":70}},"51":{"start":{"line":189,"column":17},"end":{"line":189,"column":44}},"52":{"start":{"line":190,"column":28},"end":{"line":190,"column":62}},"53":{"start":{"line":192,"column":4},"end":{"line":196,"column":6}},"54":{"start":{"line":205,"column":4},"end":{"line":210,"column":7}},"55":{"start":{"line":206,"column":6},"end":{"line":209,"column":7}},"56":{"start":{"line":207,"column":8},"end":{"line":207,"column":24}},"57":{"start":{"line":208,"column":8},"end":{"line":208,"column":33}},"58":{"start":{"line":212,"column":4},"end":{"line":212,"column":56}},"59":{"start":{"line":212,"column":39},"end":{"line":212,"column":56}},"60":{"start":{"line":214,"column":17},"end":{"line":214,"column":52}},"61":{"start":{"line":215,"column":28},"end":{"line":215,"column":70}},"62":{"start":{"line":217,"column":4},"end":{"line":221,"column":6}},"63":{"start":{"line":225,"column":33},"end":{"line":225,"column":35}},"64":{"start":{"line":227,"column":4},"end":{"line":231,"column":7}},"65":{"start":{"line":228,"column":6},"end":{"line":230,"column":7}},"66":{"start":{"line":229,"column":8},"end":{"line":229,"column":32}},"67":{"start":{"line":234,"column":4},"end":{"line":234,"column":95}},"68":{"start":{"line":234,"column":28},"end":{"line":234,"column":93}},"69":{"start":{"line":236,"column":4},"end":{"line":236,"column":55}},"70":{"start":{"line":240,"column":18},"end":{"line":240,"column":54}},"71":{"start":{"line":241,"column":16},"end":{"line":241,"column":38}},"72":{"start":{"line":243,"column":16},"end":{"line":243,"column":43}},"73":{"start":{"line":244,"column":4},"end":{"line":252,"column":5}},"74":{"start":{"line":245,"column":6},"end":{"line":251,"column":8}},"75":{"start":{"line":254,"column":4},"end":{"line":258,"column":5}},"76":{"start":{"line":255,"column":6},"end":{"line":255,"column":25}},"77":{"start":{"line":256,"column":11},"end":{"line":258,"column":5}},"78":{"start":{"line":257,"column":6},"end":{"line":257,"column":26}},"79":{"start":{"line":260,"column":4},"end":{"line":260,"column":39}},"80":{"start":{"line":264,"column":16},"end":{"line":264,"column":38}},"81":{"start":{"line":265,"column":4},"end":{"line":265,"column":39}},"82":{"start":{"line":269,"column":37},"end":{"line":281,"column":6}},"83":{"start":{"line":283,"column":16},"end":{"line":283,"column":54}},"84":{"start":{"line":284,"column":4},"end":{"line":284,"column":43}},"85":{"start":{"line":287,"column":4},"end":{"line":287,"column":64}},"86":{"start":{"line":289,"column":4},"end":{"line":289,"column":23}},"87":{"start":{"line":293,"column":16},"end":{"line":293,"column":42}},"88":{"start":{"line":294,"column":4},"end":{"line":294,"column":37}},"89":{"start":{"line":298,"column":16},"end":{"line":298,"column":42}},"90":{"start":{"line":299,"column":18},"end":{"line":299,"column":43}},"91":{"start":{"line":301,"column":4},"end":{"line":303,"column":5}},"92":{"start":{"line":302,"column":6},"end":{"line":302,"column":62}},"93":{"start":{"line":305,"column":4},"end":{"line":305,"column":26}},"94":{"start":{"line":306,"column":4},"end":{"line":310,"column":5}},"95":{"start":{"line":307,"column":6},"end":{"line":307,"column":37}},"96":{"start":{"line":308,"column":11},"end":{"line":310,"column":5}},"97":{"start":{"line":309,"column":6},"end":{"line":309,"column":34}},"98":{"start":{"line":312,"column":4},"end":{"line":312,"column":37}},"99":{"start":{"line":315,"column":4},"end":{"line":315,"column":58}},"100":{"start":{"line":319,"column":16},"end":{"line":319,"column":39}},"101":{"start":{"line":320,"column":4},"end":{"line":320,"column":38}},"102":{"start":{"line":324,"column":16},"end":{"line":324,"column":39}},"103":{"start":{"line":327,"column":24},"end":{"line":327,"column":25}},"104":{"start":{"line":328,"column":25},"end":{"line":328,"column":26}},"105":{"start":{"line":329,"column":22},"end":{"line":329,"column":23}},"106":{"start":{"line":331,"column":4},"end":{"line":337,"column":7}},"107":{"start":{"line":332,"column":6},"end":{"line":336,"column":7}},"108":{"start":{"line":333,"column":8},"end":{"line":333,"column":24}},"109":{"start":{"line":334,"column":8},"end":{"line":334,"column":59}},"110":{"start":{"line":334,"column":42},"end":{"line":334,"column":59}},"111":{"start":{"line":335,"column":8},"end":{"line":335,"column":53}},"112":{"start":{"line":335,"column":39},"end":{"line":335,"column":53}},"113":{"start":{"line":339,"column":32},"end":{"line":347,"column":6}},"114":{"start":{"line":349,"column":4},"end":{"line":349,"column":38}},"115":{"start":{"line":46,"column":0},"end":{"line":46,"column":13}},"116":{"start":{"line":354,"column":13},"end":{"line":354,"column":40}},"117":{"start":{"line":358,"column":17},"end":{"line":358,"column":43}},"118":{"start":{"line":359,"column":2},"end":{"line":361,"column":3}},"119":{"start":{"line":360,"column":4},"end":{"line":360,"column":48}},"120":{"start":{"line":363,"column":2},"end":{"line":366,"column":4}}},"fnMap":{"0":{"name":"(anonymous_7)","decl":{"start":{"line":64,"column":2},"end":{"line":64,"column":null}},"loc":{"start":{"line":64,"column":2},"end":{"line":84,"column":3}}},"1":{"name":"(anonymous_8)","decl":{"start":{"line":86,"column":8},"end":{"line":86,"column":20}},"loc":{"start":{"line":86,"column":20},"end":{"line":100,"column":null}}},"2":{"name":"(anonymous_9)","decl":{"start":{"line":86,"column":21},"end":{"line":86,"column":33}},"loc":{"start":{"line":86,"column":56},"end":{"line":100,"column":3}}},"3":{"name":"(anonymous_10)","decl":{"start":{"line":102,"column":8},"end":{"line":102,"column":17}},"loc":{"start":{"line":102,"column":28},"end":{"line":104,"column":null}}},"4":{"name":"(anonymous_12)","decl":{"start":{"line":106,"column":8},"end":{"line":106,"column":24}},"loc":{"start":{"line":106,"column":80},"end":{"line":129,"column":null}}},"5":{"name":"(anonymous_14)","decl":{"start":{"line":131,"column":8},"end":{"line":131,"column":22}},"loc":{"start":{"line":131,"column":137},"end":{"line":183,"column":null}}},"6":{"name":"(anonymous_16)","decl":{"start":{"line":144,"column":50},"end":{"line":144,"column":53}},"loc":{"start":{"line":144,"column":56},"end":{"line":159,"column":5}}},"7":{"name":"(anonymous_17)","decl":{"start":{"line":164,"column":68},"end":{"line":164,"column":71}},"loc":{"start":{"line":164,"column":74},"end":{"line":173,"column":5}}},"8":{"name":"(anonymous_18)","decl":{"start":{"line":185,"column":8},"end":{"line":185,"column":19}},"loc":{"start":{"line":185,"column":48},"end":{"line":197,"column":null}}},"9":{"name":"(anonymous_20)","decl":{"start":{"line":199,"column":8},"end":{"line":199,"column":24}},"loc":{"start":{"line":199,"column":54},"end":{"line":222,"column":null}}},"10":{"name":"(anonymous_22)","decl":{"start":{"line":205,"column":26},"end":{"line":205,"column":27}},"loc":{"start":{"line":205,"column":43},"end":{"line":210,"column":5}}},"11":{"name":"(anonymous_23)","decl":{"start":{"line":224,"column":8},"end":{"line":224,"column":26}},"loc":{"start":{"line":224,"column":59},"end":{"line":237,"column":null}}},"12":{"name":"(anonymous_25)","decl":{"start":{"line":227,"column":26},"end":{"line":227,"column":34}},"loc":{"start":{"line":227,"column":37},"end":{"line":231,"column":5}}},"13":{"name":"(anonymous_26)","decl":{"start":{"line":234,"column":18},"end":{"line":234,"column":19}},"loc":{"start":{"line":234,"column":28},"end":{"line":234,"column":93}}},"14":{"name":"(anonymous_27)","decl":{"start":{"line":239,"column":8},"end":{"line":239,"column":22}},"loc":{"start":{"line":239,"column":65},"end":{"line":261,"column":null}}},"15":{"name":"(anonymous_29)","decl":{"start":{"line":263,"column":8},"end":{"line":263,"column":23}},"loc":{"start":{"line":263,"column":55},"end":{"line":266,"column":null}}},"16":{"name":"(anonymous_31)","decl":{"start":{"line":268,"column":8},"end":{"line":268,"column":30}},"loc":{"start":{"line":268,"column":67},"end":{"line":290,"column":null}}},"17":{"name":"(anonymous_33)","decl":{"start":{"line":292,"column":8},"end":{"line":292,"column":27}},"loc":{"start":{"line":292,"column":63},"end":{"line":295,"column":null}}},"18":{"name":"(anonymous_35)","decl":{"start":{"line":297,"column":8},"end":{"line":297,"column":30}},"loc":{"start":{"line":297,"column":98},"end":{"line":316,"column":null}}},"19":{"name":"(anonymous_37)","decl":{"start":{"line":318,"column":8},"end":{"line":318,"column":23}},"loc":{"start":{"line":318,"column":56},"end":{"line":321,"column":null}}},"20":{"name":"(anonymous_39)","decl":{"start":{"line":323,"column":8},"end":{"line":323,"column":26}},"loc":{"start":{"line":323,"column":59},"end":{"line":350,"column":null}}},"21":{"name":"(anonymous_41)","decl":{"start":{"line":331,"column":29},"end":{"line":331,"column":34}},"loc":{"start":{"line":331,"column":37},"end":{"line":337,"column":5}}},"22":{"name":"getDefaultTenantContext","decl":{"start":{"line":357,"column":22},"end":{"line":357,"column":45}},"loc":{"start":{"line":357,"column":45},"end":{"line":367,"column":null}}}},"branchMap":{"0":{"loc":{"start":{"line":86,"column":35},"end":{"line":86,"column":56}},"type":"default-arg","locations":[{"start":{"line":86,"column":50},"end":{"line":86,"column":56}}]},"1":{"loc":{"start":{"line":108,"column":4},"end":{"line":108,"column":53}},"type":"if","locations":[{"start":{"line":108,"column":4},"end":{"line":108,"column":53}}]},"2":{"loc":{"start":{"line":120,"column":19},"end":{"line":120,"column":38}},"type":"binary-expr","locations":[{"start":{"line":120,"column":19},"end":{"line":120,"column":30}},{"start":{"line":120,"column":34},"end":{"line":120,"column":38}}]},"3":{"loc":{"start":{"line":124,"column":20},"end":{"line":124,"column":56}},"type":"binary-expr","locations":[{"start":{"line":124,"column":20},"end":{"line":124,"column":50}},{"start":{"line":124,"column":54},"end":{"line":124,"column":56}}]},"4":{"loc":{"start":{"line":150,"column":14},"end":{"line":150,"column":30}},"type":"binary-expr","locations":[{"start":{"line":150,"column":14},"end":{"line":150,"column":22}},{"start":{"line":150,"column":26},"end":{"line":150,"column":30}}]},"5":{"loc":{"start":{"line":151,"column":18},"end":{"line":151,"column":38}},"type":"binary-expr","locations":[{"start":{"line":151,"column":18},"end":{"line":151,"column":30}},{"start":{"line":151,"column":34},"end":{"line":151,"column":38}}]},"6":{"loc":{"start":{"line":152,"column":17},"end":{"line":152,"column":36}},"type":"binary-expr","locations":[{"start":{"line":152,"column":17},"end":{"line":152,"column":28}},{"start":{"line":152,"column":32},"end":{"line":152,"column":36}}]},"7":{"loc":{"start":{"line":153,"column":19},"end":{"line":153,"column":40}},"type":"binary-expr","locations":[{"start":{"line":153,"column":19},"end":{"line":153,"column":32}},{"start":{"line":153,"column":36},"end":{"line":153,"column":40}}]},"8":{"loc":{"start":{"line":154,"column":17},"end":{"line":154,"column":36}},"type":"binary-expr","locations":[{"start":{"line":154,"column":17},"end":{"line":154,"column":28}},{"start":{"line":154,"column":32},"end":{"line":154,"column":36}}]},"9":{"loc":{"start":{"line":155,"column":13},"end":{"line":155,"column":28}},"type":"binary-expr","locations":[{"start":{"line":155,"column":13},"end":{"line":155,"column":20}},{"start":{"line":155,"column":24},"end":{"line":155,"column":28}}]},"10":{"loc":{"start":{"line":187,"column":4},"end":{"line":187,"column":70}},"type":"if","locations":[{"start":{"line":187,"column":4},"end":{"line":187,"column":70}}]},"11":{"loc":{"start":{"line":187,"column":8},"end":{"line":187,"column":51}},"type":"binary-expr","locations":[{"start":{"line":187,"column":8},"end":{"line":187,"column":17}},{"start":{"line":187,"column":21},"end":{"line":187,"column":51}}]},"12":{"loc":{"start":{"line":189,"column":17},"end":{"line":189,"column":44}},"type":"binary-expr","locations":[{"start":{"line":189,"column":17},"end":{"line":189,"column":38}},{"start":{"line":189,"column":42},"end":{"line":189,"column":44}}]},"13":{"loc":{"start":{"line":190,"column":28},"end":{"line":190,"column":62}},"type":"binary-expr","locations":[{"start":{"line":190,"column":28},"end":{"line":190,"column":56}},{"start":{"line":190,"column":60},"end":{"line":190,"column":62}}]},"14":{"loc":{"start":{"line":206,"column":6},"end":{"line":209,"column":7}},"type":"if","locations":[{"start":{"line":206,"column":6},"end":{"line":209,"column":7}}]},"15":{"loc":{"start":{"line":206,"column":10},"end":{"line":206,"column":82}},"type":"binary-expr","locations":[{"start":{"line":206,"column":10},"end":{"line":206,"column":30}},{"start":{"line":206,"column":34},"end":{"line":206,"column":64}},{"start":{"line":206,"column":68},"end":{"line":206,"column":82}}]},"16":{"loc":{"start":{"line":212,"column":4},"end":{"line":212,"column":56}},"type":"if","locations":[{"start":{"line":212,"column":4},"end":{"line":212,"column":56}}]},"17":{"loc":{"start":{"line":212,"column":8},"end":{"line":212,"column":37}},"type":"binary-expr","locations":[{"start":{"line":212,"column":8},"end":{"line":212,"column":19}},{"start":{"line":212,"column":23},"end":{"line":212,"column":37}}]},"18":{"loc":{"start":{"line":214,"column":17},"end":{"line":214,"column":52}},"type":"binary-expr","locations":[{"start":{"line":214,"column":17},"end":{"line":214,"column":46}},{"start":{"line":214,"column":50},"end":{"line":214,"column":52}}]},"19":{"loc":{"start":{"line":215,"column":28},"end":{"line":215,"column":70}},"type":"binary-expr","locations":[{"start":{"line":215,"column":28},"end":{"line":215,"column":64}},{"start":{"line":215,"column":68},"end":{"line":215,"column":70}}]},"20":{"loc":{"start":{"line":228,"column":6},"end":{"line":230,"column":7}},"type":"if","locations":[{"start":{"line":228,"column":6},"end":{"line":230,"column":7}}]},"21":{"loc":{"start":{"line":236,"column":11},"end":{"line":236,"column":54}},"type":"cond-expr","locations":[{"start":{"line":236,"column":19},"end":{"line":236,"column":43}},{"start":{"line":236,"column":46},"end":{"line":236,"column":54}}]},"22":{"loc":{"start":{"line":244,"column":4},"end":{"line":252,"column":5}},"type":"if","locations":[{"start":{"line":244,"column":4},"end":{"line":252,"column":5}}]},"23":{"loc":{"start":{"line":254,"column":4},"end":{"line":258,"column":5}},"type":"if","locations":[{"start":{"line":254,"column":4},"end":{"line":258,"column":5}},{"start":{"line":256,"column":11},"end":{"line":258,"column":5}}]},"24":{"loc":{"start":{"line":256,"column":11},"end":{"line":258,"column":5}},"type":"if","locations":[{"start":{"line":256,"column":11},"end":{"line":258,"column":5}}]},"25":{"loc":{"start":{"line":273,"column":17},"end":{"line":273,"column":51}},"type":"binary-expr","locations":[{"start":{"line":273,"column":17},"end":{"line":273,"column":32}},{"start":{"line":273,"column":36},"end":{"line":273,"column":51}}]},"26":{"loc":{"start":{"line":274,"column":14},"end":{"line":274,"column":40}},"type":"binary-expr","locations":[{"start":{"line":274,"column":14},"end":{"line":274,"column":26}},{"start":{"line":274,"column":30},"end":{"line":274,"column":40}}]},"27":{"loc":{"start":{"line":275,"column":11},"end":{"line":275,"column":28}},"type":"binary-expr","locations":[{"start":{"line":275,"column":11},"end":{"line":275,"column":20}},{"start":{"line":275,"column":24},"end":{"line":275,"column":28}}]},"28":{"loc":{"start":{"line":276,"column":14},"end":{"line":276,"column":34}},"type":"binary-expr","locations":[{"start":{"line":276,"column":14},"end":{"line":276,"column":26}},{"start":{"line":276,"column":30},"end":{"line":276,"column":34}}]},"29":{"loc":{"start":{"line":301,"column":4},"end":{"line":303,"column":5}},"type":"if","locations":[{"start":{"line":301,"column":4},"end":{"line":303,"column":5}}]},"30":{"loc":{"start":{"line":306,"column":4},"end":{"line":310,"column":5}},"type":"if","locations":[{"start":{"line":306,"column":4},"end":{"line":310,"column":5}},{"start":{"line":308,"column":11},"end":{"line":310,"column":5}}]},"31":{"loc":{"start":{"line":308,"column":11},"end":{"line":310,"column":5}},"type":"if","locations":[{"start":{"line":308,"column":11},"end":{"line":310,"column":5}}]},"32":{"loc":{"start":{"line":332,"column":6},"end":{"line":336,"column":7}},"type":"if","locations":[{"start":{"line":332,"column":6},"end":{"line":336,"column":7}}]},"33":{"loc":{"start":{"line":332,"column":10},"end":{"line":332,"column":64}},"type":"binary-expr","locations":[{"start":{"line":332,"column":10},"end":{"line":332,"column":37}},{"start":{"line":332,"column":41},"end":{"line":332,"column":64}}]},"34":{"loc":{"start":{"line":334,"column":8},"end":{"line":334,"column":59}},"type":"if","locations":[{"start":{"line":334,"column":8},"end":{"line":334,"column":59}}]},"35":{"loc":{"start":{"line":335,"column":8},"end":{"line":335,"column":53}},"type":"if","locations":[{"start":{"line":335,"column":8},"end":{"line":335,"column":53}}]},"36":{"loc":{"start":{"line":359,"column":2},"end":{"line":361,"column":3}},"type":"if","locations":[{"start":{"line":359,"column":2},"end":{"line":361,"column":3}}]}},"s":{"0":1,"1":6,"2":6,"3":6,"4":6,"5":6,"6":6,"7":6,"8":6,"9":6,"10":6,"11":6,"12":6,"13":6,"14":6,"15":6,"16":6,"17":6,"18":11,"19":11,"20":11,"21":11,"22":11,"23":11,"24":54,"25":0,"26":0,"27":0,"28":0,"29":0,"30":0,"31":0,"32":0,"33":0,"34":0,"35":0,"36":0,"37":0,"38":0,"39":0,"40":0,"41":0,"42":0,"43":0,"44":0,"45":0,"46":0,"47":0,"48":0,"49":0,"50":0,"51":0,"52":0,"53":0,"54":0,"55":0,"56":0,"57":0,"58":0,"59":0,"60":0,"61":0,"62":0,"63":0,"64":0,"65":0,"66":0,"67":0,"68":0,"69":0,"70":0,"71":0,"72":0,"73":0,"74":0,"75":0,"76":0,"77":0,"78":0,"79":0,"80":0,"81":0,"82":24,"83":24,"84":24,"85":24,"86":24,"87":27,"88":27,"89":3,"90":3,"91":3,"92":0,"93":3,"94":3,"95":2,"96":1,"97":1,"98":3,"99":3,"100":54,"101":54,"102":27,"103":27,"104":27,"105":27,"106":27,"107":120,"108":120,"109":120,"110":3,"111":120,"112":1,"113":27,"114":27,"115":1,"116":1,"117":0,"118":0,"119":0,"120":0},"f":{"0":6,"1":11,"2":11,"3":54,"4":0,"5":0,"6":0,"7":0,"8":0,"9":0,"10":0,"11":0,"12":0,"13":0,"14":0,"15":0,"16":24,"17":27,"18":3,"19":54,"20":27,"21":120,"22":0},"b":{"0":[0],"1":[0],"2":[0,0],"3":[0,0],"4":[0,0],"5":[0,0],"6":[0,0],"7":[0,0],"8":[0,0],"9":[0,0],"10":[0],"11":[0,0],"12":[0,0],"13":[0,0],"14":[0],"15":[0,0,0],"16":[0],"17":[0,0],"18":[0,0],"19":[0,0],"20":[0],"21":[0,0],"22":[0],"23":[0,0],"24":[0],"25":[24,0],"26":[24,0],"27":[24,24],"28":[24,24],"29":[0],"30":[2,1],"31":[1],"32":[120],"33":[120,120],"34":[3],"35":[1],"36":[0]}}
,"C:\\Users\\tukue\\SearchEngineAalyzer\\server\\usage-limits.ts": {"path":"C:\\Users\\tukue\\SearchEngineAalyzer\\server\\usage-limits.ts","statementMap":{"0":{"start":{"line":140,"column":0},"end":{"line":140,"column":16}},"1":{"start":{"line":185,"column":0},"end":{"line":185,"column":16}},"2":{"start":{"line":2,"column":0},"end":{"line":2,"column":null}},"3":{"start":{"line":9,"column":0},"end":{"line":9,"column":36}},"4":{"start":{"line":12,"column":2},"end":{"line":16,"column":5}},"5":{"start":{"line":13,"column":14},"end":{"line":13,"column":36}},"6":{"start":{"line":14,"column":14},"end":{"line":14,"column":44}},"7":{"start":{"line":15,"column":4},"end":{"line":15,"column":26}},"8":{"start":{"line":24,"column":26},"end":{"line":24,"column":72}},"9":{"start":{"line":25,"column":19},"end":{"line":25,"column":52}},"10":{"start":{"line":27,"column":4},"end":{"line":29,"column":5}},"11":{"start":{"line":28,"column":6},"end":{"line":28,"column":42}},"12":{"start":{"line":31,"column":23},"end":{"line":31,"column":95}},"13":{"start":{"line":32,"column":18},"end":{"line":32,"column":72}},"14":{"start":{"line":33,"column":22},"end":{"line":33,"column":47}},"15":{"start":{"line":34,"column":27},"end":{"line":34,"column":62}},"16":{"start":{"line":35,"column":29},"end":{"line":35,"column":80}},"17":{"start":{"line":37,"column":74},"end":{"line":37,"column":80}},"18":{"start":{"line":38,"column":4},"end":{"line":44,"column":5}},"19":{"start":{"line":39,"column":6},"end":{"line":39,"column":32}},"20":{"start":{"line":40,"column":11},"end":{"line":44,"column":5}},"21":{"start":{"line":41,"column":6},"end":{"line":41,"column":34}},"22":{"start":{"line":42,"column":11},"end":{"line":44,"column":5}},"23":{"start":{"line":43,"column":6},"end":{"line":43,"column":34}},"24":{"start":{"line":46,"column":4},"end":{"line":53,"column":6}},"25":{"start":{"line":60,"column":24},"end":{"line":60,"column":59}},"26":{"start":{"line":62,"column":4},"end":{"line":72,"column":5}},"27":{"start":{"line":63,"column":21},"end":{"line":63,"column":54}},"28":{"start":{"line":64,"column":37},"end":{"line":69,"column":8}},"29":{"start":{"line":71,"column":6},"end":{"line":71,"column":52}},"30":{"start":{"line":74,"column":4},"end":{"line":74,"column":42}},"31":{"start":{"line":81,"column":4},"end":{"line":113,"column":null}},"32":{"start":{"line":88,"column":21},"end":{"line":88,"column":75}},"33":{"start":{"line":89,"column":4},"end":{"line":92,"column":5}},"34":{"start":{"line":90,"column":26},"end":{"line":90,"column":61}},"35":{"start":{"line":91,"column":6},"end":{"line":91,"column":44}},"36":{"start":{"line":95,"column":23},"end":{"line":95,"column":59}},"37":{"start":{"line":96,"column":4},"end":{"line":98,"column":5}},"38":{"start":{"line":97,"column":6},"end":{"line":97,"column":94}},"39":{"start":{"line":101,"column":4},"end":{"line":109,"column":7}},"40":{"start":{"line":111,"column":31},"end":{"line":111,"column":66}},"41":{"start":{"line":112,"column":4},"end":{"line":112,"column":62}},"42":{"start":{"line":119,"column":4},"end":{"line":119,"column":75}},"43":{"start":{"line":126,"column":4},"end":{"line":126,"column":72}},"44":{"start":{"line":133,"column":4},"end":{"line":133,"column":26}},"45":{"start":{"line":19,"column":0},"end":{"line":19,"column":13}},"46":{"start":{"line":141,"column":2},"end":{"line":179,"column":4}},"47":{"start":{"line":141,"column":67},"end":{"line":179,"column":4}},"48":{"start":{"line":142,"column":26},"end":{"line":142,"column":60}},"49":{"start":{"line":144,"column":4},"end":{"line":146,"column":5}},"50":{"start":{"line":145,"column":6},"end":{"line":145,"column":74}},"51":{"start":{"line":149,"column":22},"end":{"line":149,"column":82}},"52":{"start":{"line":150,"column":22},"end":{"line":150,"column":59}},"53":{"start":{"line":151,"column":16},"end":{"line":151,"column":28}},"54":{"start":{"line":152,"column":19},"end":{"line":152,"column":34}},"55":{"start":{"line":154,"column":4},"end":{"line":178,"column":5}},"56":{"start":{"line":155,"column":21},"end":{"line":160,"column":null}},"57":{"start":{"line":163,"column":6},"end":{"line":168,"column":7}},"58":{"start":{"line":164,"column":8},"end":{"line":167,"column":11}},"59":{"start":{"line":171,"column":6},"end":{"line":171,"column":43}},"60":{"start":{"line":172,"column":6},"end":{"line":172,"column":37}},"61":{"start":{"line":174,"column":6},"end":{"line":174,"column":13}},"62":{"start":{"line":176,"column":6},"end":{"line":176,"column":52}},"63":{"start":{"line":177,"column":6},"end":{"line":177,"column":65}},"64":{"start":{"line":186,"column":2},"end":{"line":197,"column":4}},"65":{"start":{"line":187,"column":25},"end":{"line":187,"column":33}},"66":{"start":{"line":189,"column":4},"end":{"line":194,"column":6}},"67":{"start":{"line":190,"column":6},"end":{"line":192,"column":7}},"68":{"start":{"line":191,"column":8},"end":{"line":191,"column":37}},"69":{"start":{"line":193,"column":6},"end":{"line":193,"column":43}},"70":{"start":{"line":196,"column":4},"end":{"line":196,"column":11}}},"fnMap":{"0":{"name":"generateUUID","decl":{"start":{"line":11,"column":9},"end":{"line":11,"column":21}},"loc":{"start":{"line":11,"column":21},"end":{"line":17,"column":1}}},"1":{"name":"(anonymous_8)","decl":{"start":{"line":12,"column":65},"end":{"line":12,"column":74}},"loc":{"start":{"line":12,"column":75},"end":{"line":16,"column":3}}},"2":{"name":"(anonymous_9)","decl":{"start":{"line":23,"column":2},"end":{"line":23,"column":8}},"loc":{"start":{"line":23,"column":63},"end":{"line":54,"column":null}}},"3":{"name":"(anonymous_11)","decl":{"start":{"line":59,"column":2},"end":{"line":59,"column":8}},"loc":{"start":{"line":59,"column":47},"end":{"line":75,"column":null}}},"4":{"name":"(anonymous_13)","decl":{"start":{"line":80,"column":2},"end":{"line":80,"column":8}},"loc":{"start":{"line":80,"column":32},"end":{"line":113,"column":null}}},"5":{"name":"(anonymous_14)","decl":{"start":{"line":81,"column":4},"end":{"line":81,"column":20}},"loc":{"start":{"line":85,"column":19},"end":{"line":113,"column":3}}},"6":{"name":"(anonymous_15)","decl":{"start":{"line":118,"column":2},"end":{"line":118,"column":8}},"loc":{"start":{"line":118,"column":64},"end":{"line":120,"column":null}}},"7":{"name":"(anonymous_17)","decl":{"start":{"line":125,"column":2},"end":{"line":125,"column":8}},"loc":{"start":{"line":125,"column":60},"end":{"line":127,"column":null}}},"8":{"name":"(anonymous_19)","decl":{"start":{"line":132,"column":2},"end":{"line":132,"column":8}},"loc":{"start":{"line":132,"column":26},"end":{"line":134,"column":3}}},"9":{"name":"checkAndReserveQuota","decl":{"start":{"line":140,"column":16},"end":{"line":140,"column":36}},"loc":{"start":{"line":140,"column":36},"end":{"line":180,"column":1}}},"10":{"name":"(anonymous_21)","decl":{"start":{"line":141,"column":9},"end":{"line":141,"column":16}},"loc":{"start":{"line":141,"column":67},"end":{"line":179,"column":4}}},"11":{"name":"(anonymous_22)","decl":{"start":{"line":141,"column":67},"end":{"line":141,"column":null}},"loc":{"start":{"line":141,"column":67},"end":{"line":179,"column":3}}},"12":{"name":"addQuotaToResponse","decl":{"start":{"line":185,"column":16},"end":{"line":185,"column":34}},"loc":{"start":{"line":185,"column":34},"end":{"line":198,"column":1}}},"13":{"name":"(anonymous_24)","decl":{"start":{"line":186,"column":9},"end":{"line":186,"column":10}},"loc":{"start":{"line":186,"column":61},"end":{"line":197,"column":3}}},"14":{"name":"(anonymous_25)","decl":{"start":{"line":189,"column":15},"end":{"line":189,"column":24}},"loc":{"start":{"line":189,"column":33},"end":{"line":194,"column":5}}}},"branchMap":{"0":{"loc":{"start":{"line":14,"column":14},"end":{"line":14,"column":44}},"type":"cond-expr","locations":[{"start":{"line":14,"column":25},"end":{"line":14,"column":26}},{"start":{"line":14,"column":30},"end":{"line":14,"column":43}}]},"1":{"loc":{"start":{"line":24,"column":26},"end":{"line":24,"column":72}},"type":"binary-expr","locations":[{"start":{"line":24,"column":26},"end":{"line":24,"column":32}},{"start":{"line":24,"column":36},"end":{"line":24,"column":72}}]},"2":{"loc":{"start":{"line":27,"column":4},"end":{"line":29,"column":5}},"type":"if","locations":[{"start":{"line":27,"column":4},"end":{"line":29,"column":5}}]},"3":{"loc":{"start":{"line":33,"column":22},"end":{"line":33,"column":47}},"type":"binary-expr","locations":[{"start":{"line":33,"column":22},"end":{"line":33,"column":42}},{"start":{"line":33,"column":46},"end":{"line":33,"column":47}}]},"4":{"loc":{"start":{"line":33,"column":22},"end":{"line":33,"column":42}},"type":"cond-expr","locations":[{"start":{"line":33,"column":27},"end":{"line":33,"column":29}},{"start":{"line":33,"column":22},"end":{"line":33,"column":42}}]},"5":{"loc":{"start":{"line":33,"column":22},"end":{"line":33,"column":29}},"type":"binary-expr","locations":[{"start":{"line":33,"column":22},"end":{"line":33,"column":29}},{"start":{"line":33,"column":22},"end":{"line":33,"column":29}}]},"6":{"loc":{"start":{"line":35,"column":29},"end":{"line":35,"column":80}},"type":"cond-expr","locations":[{"start":{"line":35,"column":46},"end":{"line":35,"column":76}},{"start":{"line":35,"column":79},"end":{"line":35,"column":80}}]},"7":{"loc":{"start":{"line":38,"column":4},"end":{"line":44,"column":5}},"type":"if","locations":[{"start":{"line":38,"column":4},"end":{"line":44,"column":5}},{"start":{"line":40,"column":11},"end":{"line":44,"column":5}}]},"8":{"loc":{"start":{"line":40,"column":11},"end":{"line":44,"column":5}},"type":"if","locations":[{"start":{"line":40,"column":11},"end":{"line":44,"column":5}},{"start":{"line":42,"column":11},"end":{"line":44,"column":5}}]},"9":{"loc":{"start":{"line":42,"column":11},"end":{"line":44,"column":5}},"type":"if","locations":[{"start":{"line":42,"column":11},"end":{"line":44,"column":5}}]},"10":{"loc":{"start":{"line":62,"column":4},"end":{"line":72,"column":5}},"type":"if","locations":[{"start":{"line":62,"column":4},"end":{"line":72,"column":5}}]},"11":{"loc":{"start":{"line":67,"column":21},"end":{"line":67,"column":46}},"type":"binary-expr","locations":[{"start":{"line":67,"column":21},"end":{"line":67,"column":33}},{"start":{"line":67,"column":37},"end":{"line":67,"column":46}}]},"12":{"loc":{"start":{"line":67,"column":21},"end":{"line":67,"column":33}},"type":"cond-expr","locations":[{"start":{"line":67,"column":27},"end":{"line":67,"column":29}},{"start":{"line":67,"column":21},"end":{"line":67,"column":33}}]},"13":{"loc":{"start":{"line":67,"column":21},"end":{"line":67,"column":29}},"type":"binary-expr","locations":[{"start":{"line":67,"column":21},"end":{"line":67,"column":29}},{"start":{"line":67,"column":21},"end":{"line":67,"column":29}}]},"14":{"loc":{"start":{"line":83,"column":4},"end":{"line":83,"column":39}},"type":"default-arg","locations":[{"start":{"line":83,"column":24},"end":{"line":83,"column":39}}]},"15":{"loc":{"start":{"line":89,"column":4},"end":{"line":92,"column":5}},"type":"if","locations":[{"start":{"line":89,"column":4},"end":{"line":92,"column":5}}]},"16":{"loc":{"start":{"line":96,"column":4},"end":{"line":98,"column":5}},"type":"if","locations":[{"start":{"line":96,"column":4},"end":{"line":98,"column":5}}]},"17":{"loc":{"start":{"line":106,"column":11},"end":{"line":106,"column":22}},"type":"binary-expr","locations":[{"start":{"line":106,"column":11},"end":{"line":106,"column":14}},{"start":{"line":106,"column":18},"end":{"line":106,"column":22}}]},"18":{"loc":{"start":{"line":107,"column":14},"end":{"line":107,"column":28}},"type":"binary-expr","locations":[{"start":{"line":107,"column":14},"end":{"line":107,"column":20}},{"start":{"line":107,"column":24},"end":{"line":107,"column":28}}]},"19":{"loc":{"start":{"line":144,"column":4},"end":{"line":146,"column":5}},"type":"if","locations":[{"start":{"line":144,"column":4},"end":{"line":146,"column":5}}]},"20":{"loc":{"start":{"line":149,"column":22},"end":{"line":149,"column":82}},"type":"binary-expr","locations":[{"start":{"line":149,"column":22},"end":{"line":149,"column":40}},{"start":{"line":149,"column":44},"end":{"line":149,"column":82}}]},"21":{"loc":{"start":{"line":150,"column":22},"end":{"line":150,"column":59}},"type":"binary-expr","locations":[{"start":{"line":150,"column":22},"end":{"line":150,"column":40}},{"start":{"line":150,"column":44},"end":{"line":150,"column":59}}]},"22":{"loc":{"start":{"line":163,"column":6},"end":{"line":168,"column":7}},"type":"if","locations":[{"start":{"line":163,"column":6},"end":{"line":168,"column":7}}]},"23":{"loc":{"start":{"line":190,"column":6},"end":{"line":192,"column":7}},"type":"if","locations":[{"start":{"line":190,"column":6},"end":{"line":192,"column":7}}]},"24":{"loc":{"start":{"line":190,"column":10},"end":{"line":190,"column":70}},"type":"binary-expr","locations":[{"start":{"line":190,"column":10},"end":{"line":190,"column":25}},{"start":{"line":190,"column":29},"end":{"line":190,"column":53}},{"start":{"line":190,"column":57},"end":{"line":190,"column":70}}]}},"s":{"0":1,"1":1,"2":1,"3":1,"4":0,"5":0,"6":0,"7":0,"8":53,"9":53,"10":53,"11":0,"12":53,"13":53,"14":53,"15":53,"16":53,"17":53,"18":53,"19":4,"20":49,"21":5,"22":44,"23":5,"24":53,"25":25,"26":25,"27":1,"28":1,"29":1,"30":24,"31":26,"32":26,"33":26,"34":1,"35":1,"36":25,"37":25,"38":1,"39":24,"40":24,"41":24,"42":2,"43":1,"44":0,"45":1,"46":0,"47":0,"48":0,"49":0,"50":0,"51":0,"52":0,"53":0,"54":0,"55":0,"56":0,"57":0,"58":0,"59":0,"60":0,"61":0,"62":0,"63":0,"64":0,"65":0,"66":0,"67":0,"68":0,"69":0,"70":0},"f":{"0":0,"1":0,"2":53,"3":25,"4":26,"5":26,"6":2,"7":1,"8":0,"9":0,"10":0,"11":0,"12":0,"13":0,"14":0},"b":{"0":[0,0],"1":[53,53],"2":[0],"3":[53,5],"4":[5,48],"5":[53,53],"6":[53,0],"7":[4,49],"8":[5,44],"9":[5],"10":[1],"11":[1,0],"12":[0,1],"13":[1,1],"14":[26],"15":[1],"16":[1],"17":[24,24],"18":[24,24],"19":[0],"20":[0,0],"21":[0,0],"22":[0],"23":[0],"24":[0,0,0]}}
,"C:\\Users\\tukue\\SearchEngineAalyzer\\shared\\schema.ts": {"path":"C:\\Users\\tukue\\SearchEngineAalyzer\\shared\\schema.ts","statementMap":{"0":{"start":{"line":1,"column":0},"end":{"line":1,"column":89}},"1":{"start":{"line":2,"column":0},"end":{"line":2,"column":49}},"2":{"start":{"line":3,"column":0},"end":{"line":3,"column":24}},"3":{"start":{"line":6,"column":13},"end":{"line":21,"column":11}},"4":{"start":{"line":27,"column":13},"end":{"line":33,"column":3}},"5":{"start":{"line":36,"column":13},"end":{"line":43,"column":3}},"6":{"start":{"line":46,"column":13},"end":{"line":52,"column":3}},"7":{"start":{"line":55,"column":13},"end":{"line":67,"column":3}},"8":{"start":{"line":70,"column":13},"end":{"line":78,"column":3}},"9":{"start":{"line":81,"column":13},"end":{"line":93,"column":3}},"10":{"start":{"line":96,"column":13},"end":{"line":107,"column":3}},"11":{"start":{"line":110,"column":13},"end":{"line":116,"column":3}},"12":{"start":{"line":119,"column":13},"end":{"line":119,"column":115}},"13":{"start":{"line":120,"column":13},"end":{"line":120,"column":106}},"14":{"start":{"line":121,"column":13},"end":{"line":121,"column":94}},"15":{"start":{"line":122,"column":13},"end":{"line":122,"column":143}},"16":{"start":{"line":123,"column":13},"end":{"line":123,"column":111}},"17":{"start":{"line":124,"column":13},"end":{"line":124,"column":83}},"18":{"start":{"line":125,"column":13},"end":{"line":125,"column":84}},"19":{"start":{"line":126,"column":13},"end":{"line":126,"column":97}},"20":{"start":{"line":147,"column":13},"end":{"line":149,"column":3}},"21":{"start":{"line":161,"column":13},"end":{"line":167,"column":3}},"22":{"start":{"line":172,"column":13},"end":{"line":179,"column":3}},"23":{"start":{"line":184,"column":13},"end":{"line":189,"column":3}},"24":{"start":{"line":194,"column":13},"end":{"line":197,"column":3}}},"fnMap":{},"branchMap":{},"s":{"0":1,"1":1,"2":1,"3":1,"4":1,"5":1,"6":1,"7":1,"8":1,"9":1,"10":1,"11":1,"12":1,"13":1,"14":1,"15":1,"16":1,"17":1,"18":1,"19":1,"20":1,"21":1,"22":1,"23":1,"24":1},"f":{},"b":{}}
}
