TN:
SF:server\index.ts
FN:9,(anonymous_7)
FN:15,(anonymous_8)
FN:20,(anonymous_9)
FN:39,(anonymous_10)
FN:39,(anonymous_11)
FN:42,(anonymous_12)
FN:63,(anonymous_13)
FNF:7
FNH:0
FNDA:0,(anonymous_7)
FNDA:0,(anonymous_8)
FNDA:0,(anonymous_9)
FNDA:0,(anonymous_10)
FNDA:0,(anonymous_11)
FNDA:0,(anonymous_12)
FNDA:0,(anonymous_13)
DA:5,0
DA:6,0
DA:7,0
DA:9,0
DA:10,0
DA:11,0
DA:12,0
DA:14,0
DA:15,0
DA:16,0
DA:17,0
DA:20,0
DA:21,0
DA:22,0
DA:23,0
DA:24,0
DA:25,0
DA:28,0
DA:29,0
DA:32,0
DA:36,0
DA:39,0
DA:40,0
DA:42,0
DA:43,0
DA:44,0
DA:46,0
DA:47,0
DA:53,0
DA:54,0
DA:56,0
DA:62,0
DA:63,0
DA:64,0
LF:34
LH:0
BRDA:22,0,0,0
BRDA:24,1,0,0
BRDA:28,2,0,0
BRDA:43,3,0,0
BRDA:43,3,1,0
BRDA:43,3,2,0
BRDA:44,4,0,0
BRDA:44,4,1,0
BRDA:53,5,0,0
BRDA:53,5,1,0
BRDA:62,6,0,0
BRDA:62,6,1,0
BRF:12
BRH:0
end_of_record
TN:
SF:server\plan-gating.ts
FN:6,(anonymous_7)
FN:11,(anonymous_8)
FN:16,(anonymous_9)
FN:26,(anonymous_10)
FN:37,requireEntitlement
FN:38,(anonymous_12)
FN:58,checkQuota
FN:59,(anonymous_14)
FN:59,(anonymous_15)
FN:82,getCurrentUsage
FNF:10
FNH:0
FNDA:0,(anonymous_7)
FNDA:0,(anonymous_8)
FNDA:0,(anonymous_9)
FNDA:0,(anonymous_10)
FNDA:0,requireEntitlement
FNDA:0,(anonymous_12)
FNDA:0,checkQuota
FNDA:0,(anonymous_14)
FNDA:0,(anonymous_15)
FNDA:0,getCurrentUsage
DA:7,0
DA:8,0
DA:12,0
DA:13,0
DA:17,0
DA:27,0
DA:38,0
DA:39,0
DA:41,0
DA:42,0
DA:45,0
DA:46,0
DA:50,0
DA:53,0
DA:59,0
DA:60,0
DA:62,0
DA:63,0
DA:66,0
DA:67,0
DA:69,0
DA:70,0
DA:74,0
DA:77,0
DA:83,0
DA:84,0
DA:85,0
DA:87,0
DA:88,0
DA:91,0
LF:30
LH:0
BRDA:21,0,0,0
BRDA:21,0,1,0
BRDA:22,1,0,0
BRDA:22,1,1,0
BRDA:41,2,0,0
BRDA:45,3,0,0
BRDA:62,4,0,0
BRDA:69,5,0,0
BRDA:87,6,0,0
BRDA:88,7,0,0
BRDA:88,7,1,0
BRDA:88,8,0,0
BRDA:88,8,1,0
BRDA:88,9,0,0
BRDA:88,9,1,0
BRF:15
BRH:0
end_of_record
TN:
SF:server\routes.ts
FN:12,registerRoutes
FN:17,(anonymous_9)
FN:17,(anonymous_10)
FN:34,(anonymous_11)
FN:44,(anonymous_12)
FN:56,(anonymous_13)
FN:56,(anonymous_14)
FN:75,(anonymous_15)
FN:75,(anonymous_16)
FN:103,(anonymous_17)
FN:103,(anonymous_18)
FN:193,(anonymous_19)
FN:234,(anonymous_20)
FN:235,(anonymous_21)
FN:242,(anonymous_22)
FN:288,(anonymous_23)
FN:337,(anonymous_24)
FN:376,(anonymous_25)
FN:377,(anonymous_26)
FNF:19
FNH:0
FNDA:0,registerRoutes
FNDA:0,(anonymous_9)
FNDA:0,(anonymous_10)
FNDA:0,(anonymous_11)
FNDA:0,(anonymous_12)
FNDA:0,(anonymous_13)
FNDA:0,(anonymous_14)
FNDA:0,(anonymous_15)
FNDA:0,(anonymous_16)
FNDA:0,(anonymous_17)
FNDA:0,(anonymous_18)
FNDA:0,(anonymous_19)
FNDA:0,(anonymous_20)
FNDA:0,(anonymous_21)
FNDA:0,(anonymous_22)
FNDA:0,(anonymous_23)
FNDA:0,(anonymous_24)
FNDA:0,(anonymous_25)
FNDA:0,(anonymous_26)
DA:14,0
DA:17,0
DA:18,0
DA:20,0
DA:21,0
DA:23,0
DA:25,0
DA:26,0
DA:28,0
DA:34,0
DA:35,0
DA:44,0
DA:45,0
DA:46,0
DA:48,0
DA:56,0
DA:57,0
DA:58,0
DA:59,0
DA:61,0
DA:63,0
DA:69,0
DA:70,0
DA:75,0
DA:76,0
DA:77,0
DA:78,0
DA:79,0
DA:81,0
DA:82,0
DA:83,0
DA:87,0
DA:91,0
DA:97,0
DA:98,0
DA:103,0
DA:104,0
DA:106,0
DA:108,0
DA:109,0
DA:110,0
DA:115,0
DA:116,0
DA:122,0
DA:123,0
DA:128,0
DA:133,0
DA:136,0
DA:139,0
DA:140,0
DA:141,0
DA:144,0
DA:145,0
DA:146,0
DA:147,0
DA:150,0
DA:153,0
DA:154,0
DA:155,0
DA:161,0
DA:163,0
DA:169,0
DA:173,0
DA:174,0
DA:175,0
DA:181,0
DA:183,0
DA:189,0
DA:193,0
DA:194,0
DA:195,0
DA:196,0
DA:197,0
DA:198,0
DA:200,0
DA:201,0
DA:204,0
DA:205,0
DA:206,0
DA:207,0
DA:208,0
DA:209,0
DA:210,0
DA:211,0
DA:212,0
DA:213,0
DA:215,0
DA:216,0
DA:219,0
DA:231,0
DA:234,0
DA:235,0
DA:236,0
DA:242,0
DA:243,0
DA:244,0
DA:250,0
DA:253,0
DA:254,0
DA:256,0
DA:258,0
DA:259,0
DA:260,0
DA:262,0
DA:263,0
DA:264,0
DA:266,0
DA:267,0
DA:268,0
DA:270,0
DA:271,0
DA:272,0
DA:274,0
DA:275,0
DA:276,0
DA:279,0
DA:288,0
DA:289,0
DA:290,0
DA:297,0
DA:300,0
DA:301,0
DA:302,0
DA:304,0
DA:306,0
DA:307,0
DA:308,0
DA:310,0
DA:311,0
DA:312,0
DA:314,0
DA:315,0
DA:316,0
DA:318,0
DA:319,0
DA:320,0
DA:322,0
DA:323,0
DA:324,0
DA:327,0
DA:337,0
DA:338,0
DA:339,0
DA:347,0
DA:350,0
DA:351,0
DA:352,0
DA:354,0
DA:356,0
DA:357,0
DA:358,0
DA:360,0
DA:361,0
DA:362,0
DA:365,0
DA:375,0
DA:376,0
DA:377,0
DA:379,0
DA:380,0
DA:383,0
DA:385,0
DA:402,0
DA:403,0
DA:406,0
DA:408,0
DA:410,0
DA:411,0
DA:412,0
DA:414,0
DA:415,0
DA:419,0
DA:421,0
DA:422,0
LF:174
LH:0
BRDA:25,0,0,0
BRDA:25,0,1,0
BRDA:25,1,0,0
BRDA:25,1,1,0
BRDA:79,2,0,0
BRDA:79,2,1,0
BRDA:82,3,0,0
BRDA:109,4,0,0
BRDA:109,5,0,0
BRDA:109,5,1,0
BRDA:122,6,0,0
BRDA:129,7,0,0
BRDA:129,7,1,0
BRDA:154,8,0,0
BRDA:154,8,1,0
BRDA:174,9,0,0
BRDA:174,9,1,0
BRDA:198,10,0,0
BRDA:198,10,1,0
BRDA:200,11,0,0
BRDA:200,11,1,0
BRDA:200,11,2,0
BRDA:200,11,3,0
BRDA:204,12,0,0
BRDA:204,12,1,0
BRDA:204,13,0,0
BRDA:204,13,1,0
BRDA:207,14,0,0
BRDA:207,14,1,0
BRDA:207,15,0,0
BRDA:207,15,1,0
BRDA:207,15,2,0
BRDA:207,15,3,0
BRDA:210,16,0,0
BRDA:210,16,1,0
BRDA:210,17,0,0
BRDA:210,17,1,0
BRDA:210,17,2,0
BRDA:210,18,0,0
BRDA:210,18,1,0
BRDA:213,19,0,0
BRDA:213,20,0,0
BRDA:213,20,1,0
BRDA:236,21,0,0
BRDA:236,21,1,0
BRDA:236,21,2,0
BRDA:236,21,3,0
BRDA:243,22,0,0
BRDA:256,23,0,0
BRDA:256,23,1,0
BRDA:256,23,2,0
BRDA:256,23,3,0
BRDA:256,23,4,0
BRDA:289,24,0,0
BRDA:291,25,0,0
BRDA:291,25,1,0
BRDA:292,26,0,0
BRDA:292,26,1,0
BRDA:300,27,0,0
BRDA:304,28,0,0
BRDA:304,28,1,0
BRDA:304,28,2,0
BRDA:304,28,3,0
BRDA:304,28,4,0
BRDA:338,29,0,0
BRDA:338,30,0,0
BRDA:338,30,1,0
BRDA:340,31,0,0
BRDA:340,31,1,0
BRDA:341,32,0,0
BRDA:341,32,1,0
BRDA:342,33,0,0
BRDA:342,33,1,0
BRDA:350,34,0,0
BRDA:354,35,0,0
BRDA:354,35,1,0
BRDA:410,36,0,0
BRDA:412,37,0,0
BRDA:412,37,1,0
BRF:79
BRH:0
end_of_record
TN:
SF:server\storage.ts
FN:49,(anonymous_7)
FN:67,(anonymous_8)
FN:67,(anonymous_9)
FN:83,(anonymous_10)
FN:87,(anonymous_12)
FN:112,(anonymous_14)
FN:125,(anonymous_16)
FN:145,(anonymous_17)
FN:166,(anonymous_18)
FN:180,(anonymous_20)
FN:186,(anonymous_22)
FN:205,(anonymous_23)
FN:208,(anonymous_25)
FN:215,(anonymous_26)
FN:220,(anonymous_27)
FN:244,(anonymous_29)
FN:254,getDefaultTenantContext
FNF:17
FNH:0
FNDA:0,(anonymous_7)
FNDA:0,(anonymous_8)
FNDA:0,(anonymous_9)
FNDA:0,(anonymous_10)
FNDA:0,(anonymous_12)
FNDA:0,(anonymous_14)
FNDA:0,(anonymous_16)
FNDA:0,(anonymous_17)
FNDA:0,(anonymous_18)
FNDA:0,(anonymous_20)
FNDA:0,(anonymous_22)
FNDA:0,(anonymous_23)
FNDA:0,(anonymous_25)
FNDA:0,(anonymous_26)
FNDA:0,(anonymous_27)
FNDA:0,(anonymous_29)
FNDA:0,getDefaultTenantContext
DA:50,0
DA:51,0
DA:52,0
DA:53,0
DA:54,0
DA:55,0
DA:56,0
DA:57,0
DA:58,0
DA:59,0
DA:60,0
DA:61,0
DA:64,0
DA:67,0
DA:68,0
DA:69,0
DA:77,0
DA:78,0
DA:80,0
DA:84,0
DA:88,0
DA:89,0
DA:91,0
DA:92,0
DA:93,0
DA:96,0
DA:105,0
DA:106,0
DA:107,0
DA:109,0
DA:113,0
DA:116,0
DA:122,0
DA:125,0
DA:126,0
DA:127,0
DA:142,0
DA:145,0
DA:146,0
DA:147,0
DA:156,0
DA:159,0
DA:167,0
DA:168,0
DA:170,0
DA:171,0
DA:173,0
DA:186,0
DA:187,0
DA:188,0
DA:189,0
DA:193,0
DA:195,0
DA:196,0
DA:198,0
DA:206,0
DA:208,0
DA:209,0
DA:210,0
DA:215,0
DA:217,0
DA:221,0
DA:222,0
DA:224,0
DA:225,0
DA:226,0
DA:235,0
DA:236,0
DA:237,0
DA:238,0
DA:241,0
DA:245,0
DA:246,0
DA:251,0
DA:255,0
DA:256,0
DA:257,0
DA:260,0
LF:78
LH:0
BRDA:67,0,0,0
BRDA:89,1,0,0
BRDA:101,2,0,0
BRDA:101,2,1,0
BRDA:105,3,0,0
BRDA:105,3,1,0
BRDA:131,4,0,0
BRDA:131,4,1,0
BRDA:132,5,0,0
BRDA:132,5,1,0
BRDA:133,6,0,0
BRDA:133,6,1,0
BRDA:134,7,0,0
BRDA:134,7,1,0
BRDA:135,8,0,0
BRDA:135,8,1,0
BRDA:136,9,0,0
BRDA:136,9,1,0
BRDA:168,10,0,0
BRDA:168,11,0,0
BRDA:168,11,1,0
BRDA:170,12,0,0
BRDA:170,12,1,0
BRDA:171,13,0,0
BRDA:171,13,1,0
BRDA:187,14,0,0
BRDA:187,15,0,0
BRDA:187,15,1,0
BRDA:187,15,2,0
BRDA:193,16,0,0
BRDA:193,17,0,0
BRDA:193,17,1,0
BRDA:195,18,0,0
BRDA:195,18,1,0
BRDA:196,19,0,0
BRDA:196,19,1,0
BRDA:209,20,0,0
BRDA:217,21,0,0
BRDA:217,21,1,0
BRDA:225,22,0,0
BRDA:235,23,0,0
BRDA:235,23,1,0
BRDA:237,24,0,0
BRDA:256,25,0,0
BRF:44
BRH:0
end_of_record
TN:
SF:shared\schema.ts
FNF:0
FNH:0
DA:6,0
DA:27,0
DA:36,0
DA:46,0
DA:55,0
DA:70,0
DA:84,0
DA:93,0
DA:94,0
DA:95,0
DA:96,0
DA:97,0
DA:98,0
DA:115,0
DA:128,0
DA:139,0
LF:16
LH:0
BRF:0
BRH:0
end_of_record
