TN:
SF:server\index.ts
FN:9,(anonymous_7)
FN:15,(anonymous_8)
FN:20,(anonymous_9)
FN:39,(anonymous_10)
FN:39,(anonymous_11)
FN:42,(anonymous_12)
FN:63,(anonymous_13)
FNF:7
FNH:0
FNDA:0,(anonymous_7)
FNDA:0,(anonymous_8)
FNDA:0,(anonymous_9)
FNDA:0,(anonymous_10)
FNDA:0,(anonymous_11)
FNDA:0,(anonymous_12)
FNDA:0,(anonymous_13)
DA:5,0
DA:6,0
DA:7,0
DA:9,0
DA:10,0
DA:11,0
DA:12,0
DA:14,0
DA:15,0
DA:16,0
DA:17,0
DA:20,0
DA:21,0
DA:22,0
DA:23,0
DA:24,0
DA:25,0
DA:28,0
DA:29,0
DA:32,0
DA:36,0
DA:39,0
DA:40,0
DA:42,0
DA:43,0
DA:44,0
DA:46,0
DA:47,0
DA:53,0
DA:54,0
DA:56,0
DA:62,0
DA:63,0
DA:64,0
LF:34
LH:0
BRDA:22,0,0,0
BRDA:24,1,0,0
BRDA:28,2,0,0
BRDA:43,3,0,0
BRDA:43,3,1,0
BRDA:43,3,2,0
BRDA:44,4,0,0
BRDA:44,4,1,0
BRDA:53,5,0,0
BRDA:53,5,1,0
BRDA:62,6,0,0
BRDA:62,6,1,0
BRF:12
BRH:0
end_of_record
TN:
SF:server\plan-gating.ts
FN:8,(anonymous_7)
FN:13,(anonymous_8)
FN:18,(anonymous_9)
FN:28,(anonymous_10)
FN:39,requireEntitlement
FN:40,(anonymous_12)
FN:60,checkQuota
FN:61,(anonymous_14)
FN:61,(anonymous_15)
FN:89,getCurrentUsage
FNF:10
FNH:0
FNDA:0,(anonymous_7)
FNDA:0,(anonymous_8)
FNDA:0,(anonymous_9)
FNDA:0,(anonymous_10)
FNDA:0,requireEntitlement
FNDA:0,(anonymous_12)
FNDA:0,checkQuota
FNDA:0,(anonymous_14)
FNDA:0,(anonymous_15)
FNDA:0,getCurrentUsage
DA:9,0
DA:10,0
DA:14,0
DA:15,0
DA:19,0
DA:29,0
DA:40,0
DA:41,0
DA:43,0
DA:44,0
DA:47,0
DA:48,0
DA:52,0
DA:55,0
DA:61,0
DA:62,0
DA:64,0
DA:65,0
DA:68,0
DA:69,0
DA:71,0
DA:72,0
DA:79,0
DA:80,0
DA:82,0
DA:83,0
DA:90,0
DA:91,0
DA:92,0
LF:29
LH:0
BRDA:23,0,0,0
BRDA:23,0,1,0
BRDA:24,1,0,0
BRDA:24,1,1,0
BRDA:43,2,0,0
BRDA:47,3,0,0
BRDA:64,4,0,0
BRDA:71,5,0,0
BRDA:92,6,0,0
BRDA:92,6,1,0
BRDA:92,7,0,0
BRDA:92,7,1,0
BRDA:92,8,0,0
BRDA:92,8,1,0
BRF:14
BRH:0
end_of_record
TN:
SF:server\routes.ts
FN:13,registerRoutes
FN:18,(anonymous_9)
FN:18,(anonymous_10)
FN:28,(anonymous_11)
FN:38,(anonymous_12)
FN:38,(anonymous_13)
FN:57,(anonymous_14)
FN:57,(anonymous_15)
FN:70,(anonymous_16)
FN:70,(anonymous_17)
FN:89,(anonymous_18)
FN:89,(anonymous_19)
FN:117,(anonymous_20)
FN:117,(anonymous_21)
FN:211,(anonymous_22)
FN:252,(anonymous_23)
FN:253,(anonymous_24)
FN:260,(anonymous_25)
FN:306,(anonymous_26)
FN:355,(anonymous_27)
FN:394,(anonymous_28)
FN:395,(anonymous_29)
FNF:22
FNH:0
FNDA:0,registerRoutes
FNDA:0,(anonymous_9)
FNDA:0,(anonymous_10)
FNDA:0,(anonymous_11)
FNDA:0,(anonymous_12)
FNDA:0,(anonymous_13)
FNDA:0,(anonymous_14)
FNDA:0,(anonymous_15)
FNDA:0,(anonymous_16)
FNDA:0,(anonymous_17)
FNDA:0,(anonymous_18)
FNDA:0,(anonymous_19)
FNDA:0,(anonymous_20)
FNDA:0,(anonymous_21)
FNDA:0,(anonymous_22)
FNDA:0,(anonymous_23)
FNDA:0,(anonymous_24)
FNDA:0,(anonymous_25)
FNDA:0,(anonymous_26)
FNDA:0,(anonymous_27)
FNDA:0,(anonymous_28)
FNDA:0,(anonymous_29)
DA:15,0
DA:18,0
DA:19,0
DA:20,0
DA:21,0
DA:23,0
DA:28,0
DA:29,0
DA:38,0
DA:39,0
DA:40,0
DA:41,0
DA:42,0
DA:44,0
DA:51,0
DA:52,0
DA:57,0
DA:58,0
DA:59,0
DA:60,0
DA:62,0
DA:64,0
DA:65,0
DA:70,0
DA:71,0
DA:72,0
DA:73,0
DA:75,0
DA:77,0
DA:83,0
DA:84,0
DA:89,0
DA:90,0
DA:91,0
DA:92,0
DA:93,0
DA:95,0
DA:96,0
DA:97,0
DA:101,0
DA:105,0
DA:111,0
DA:112,0
DA:117,0
DA:118,0
DA:119,0
DA:121,0
DA:123,0
DA:124,0
DA:126,0
DA:127,0
DA:128,0
DA:133,0
DA:134,0
DA:140,0
DA:141,0
DA:146,0
DA:151,0
DA:154,0
DA:157,0
DA:158,0
DA:159,0
DA:162,0
DA:163,0
DA:164,0
DA:165,0
DA:168,0
DA:171,0
DA:172,0
DA:173,0
DA:179,0
DA:181,0
DA:187,0
DA:191,0
DA:192,0
DA:193,0
DA:199,0
DA:201,0
DA:207,0
DA:211,0
DA:212,0
DA:213,0
DA:214,0
DA:215,0
DA:216,0
DA:218,0
DA:219,0
DA:222,0
DA:223,0
DA:224,0
DA:225,0
DA:226,0
DA:227,0
DA:228,0
DA:229,0
DA:230,0
DA:231,0
DA:233,0
DA:234,0
DA:237,0
DA:249,0
DA:252,0
DA:253,0
DA:254,0
DA:260,0
DA:261,0
DA:262,0
DA:268,0
DA:271,0
DA:272,0
DA:274,0
DA:276,0
DA:277,0
DA:278,0
DA:280,0
DA:281,0
DA:282,0
DA:284,0
DA:285,0
DA:286,0
DA:288,0
DA:289,0
DA:290,0
DA:292,0
DA:293,0
DA:294,0
DA:297,0
DA:306,0
DA:307,0
DA:308,0
DA:315,0
DA:318,0
DA:319,0
DA:320,0
DA:322,0
DA:324,0
DA:325,0
DA:326,0
DA:328,0
DA:329,0
DA:330,0
DA:332,0
DA:333,0
DA:334,0
DA:336,0
DA:337,0
DA:338,0
DA:340,0
DA:341,0
DA:342,0
DA:345,0
DA:355,0
DA:356,0
DA:357,0
DA:365,0
DA:368,0
DA:369,0
DA:370,0
DA:372,0
DA:374,0
DA:375,0
DA:376,0
DA:378,0
DA:379,0
DA:380,0
DA:383,0
DA:393,0
DA:394,0
DA:395,0
DA:397,0
DA:398,0
DA:401,0
DA:403,0
DA:420,0
DA:423,0
DA:426,0
DA:428,0
DA:431,0
DA:432,0
DA:434,0
DA:437,0
DA:438,0
DA:439,0
DA:441,0
DA:442,0
DA:446,0
DA:448,0
DA:449,0
LF:188
LH:0
BRDA:93,0,0,0
BRDA:93,0,1,0
BRDA:96,1,0,0
BRDA:127,2,0,0
BRDA:127,3,0,0
BRDA:127,3,1,0
BRDA:140,4,0,0
BRDA:147,5,0,0
BRDA:147,5,1,0
BRDA:172,6,0,0
BRDA:172,6,1,0
BRDA:192,7,0,0
BRDA:192,7,1,0
BRDA:216,8,0,0
BRDA:216,8,1,0
BRDA:218,9,0,0
BRDA:218,9,1,0
BRDA:218,9,2,0
BRDA:218,9,3,0
BRDA:222,10,0,0
BRDA:222,10,1,0
BRDA:222,11,0,0
BRDA:222,11,1,0
BRDA:225,12,0,0
BRDA:225,12,1,0
BRDA:225,13,0,0
BRDA:225,13,1,0
BRDA:225,13,2,0
BRDA:225,13,3,0
BRDA:228,14,0,0
BRDA:228,14,1,0
BRDA:228,15,0,0
BRDA:228,15,1,0
BRDA:228,15,2,0
BRDA:228,16,0,0
BRDA:228,16,1,0
BRDA:231,17,0,0
BRDA:231,18,0,0
BRDA:231,18,1,0
BRDA:254,19,0,0
BRDA:254,19,1,0
BRDA:254,19,2,0
BRDA:254,19,3,0
BRDA:261,20,0,0
BRDA:274,21,0,0
BRDA:274,21,1,0
BRDA:274,21,2,0
BRDA:274,21,3,0
BRDA:274,21,4,0
BRDA:307,22,0,0
BRDA:309,23,0,0
BRDA:309,23,1,0
BRDA:310,24,0,0
BRDA:310,24,1,0
BRDA:318,25,0,0
BRDA:322,26,0,0
BRDA:322,26,1,0
BRDA:322,26,2,0
BRDA:322,26,3,0
BRDA:322,26,4,0
BRDA:356,27,0,0
BRDA:356,28,0,0
BRDA:356,28,1,0
BRDA:358,29,0,0
BRDA:358,29,1,0
BRDA:359,30,0,0
BRDA:359,30,1,0
BRDA:360,31,0,0
BRDA:360,31,1,0
BRDA:368,32,0,0
BRDA:372,33,0,0
BRDA:372,33,1,0
BRDA:437,34,0,0
BRDA:439,35,0,0
BRDA:439,35,1,0
BRF:75
BRH:0
end_of_record
TN:
SF:server\storage.ts
FN:64,(anonymous_7)
FN:86,(anonymous_8)
FN:86,(anonymous_9)
FN:102,(anonymous_10)
FN:106,(anonymous_12)
FN:131,(anonymous_14)
FN:144,(anonymous_16)
FN:164,(anonymous_17)
FN:185,(anonymous_18)
FN:199,(anonymous_20)
FN:205,(anonymous_22)
FN:224,(anonymous_23)
FN:227,(anonymous_25)
FN:234,(anonymous_26)
FN:239,(anonymous_27)
FN:263,(anonymous_29)
FN:268,(anonymous_31)
FN:292,(anonymous_33)
FN:297,(anonymous_35)
FN:318,(anonymous_37)
FN:323,(anonymous_39)
FN:331,(anonymous_41)
FN:357,getDefaultTenantContext
FNF:23
FNH:10
FNDA:6,(anonymous_7)
FNDA:11,(anonymous_8)
FNDA:11,(anonymous_9)
FNDA:54,(anonymous_10)
FNDA:0,(anonymous_12)
FNDA:0,(anonymous_14)
FNDA:0,(anonymous_16)
FNDA:0,(anonymous_17)
FNDA:0,(anonymous_18)
FNDA:0,(anonymous_20)
FNDA:0,(anonymous_22)
FNDA:0,(anonymous_23)
FNDA:0,(anonymous_25)
FNDA:0,(anonymous_26)
FNDA:0,(anonymous_27)
FNDA:0,(anonymous_29)
FNDA:24,(anonymous_31)
FNDA:27,(anonymous_33)
FNDA:3,(anonymous_35)
FNDA:54,(anonymous_37)
FNDA:27,(anonymous_39)
FNDA:120,(anonymous_41)
FNDA:0,getDefaultTenantContext
DA:46,1
DA:65,6
DA:66,6
DA:67,6
DA:68,6
DA:69,6
DA:70,6
DA:71,6
DA:72,6
DA:73,6
DA:74,6
DA:75,6
DA:76,6
DA:77,6
DA:78,6
DA:79,6
DA:80,6
DA:83,6
DA:86,11
DA:87,11
DA:88,11
DA:96,11
DA:97,11
DA:99,11
DA:103,54
DA:107,0
DA:108,0
DA:110,0
DA:111,0
DA:112,0
DA:115,0
DA:124,0
DA:125,0
DA:126,0
DA:128,0
DA:132,0
DA:135,0
DA:141,0
DA:144,0
DA:145,0
DA:146,0
DA:161,0
DA:164,0
DA:165,0
DA:166,0
DA:175,0
DA:178,0
DA:186,0
DA:187,0
DA:189,0
DA:190,0
DA:192,0
DA:205,0
DA:206,0
DA:207,0
DA:208,0
DA:212,0
DA:214,0
DA:215,0
DA:217,0
DA:225,0
DA:227,0
DA:228,0
DA:229,0
DA:234,0
DA:236,0
DA:240,0
DA:241,0
DA:243,0
DA:244,0
DA:245,0
DA:254,0
DA:255,0
DA:256,0
DA:257,0
DA:260,0
DA:264,0
DA:265,0
DA:269,24
DA:283,24
DA:284,24
DA:287,24
DA:289,24
DA:293,27
DA:294,27
DA:298,3
DA:299,3
DA:301,3
DA:302,0
DA:305,3
DA:306,3
DA:307,2
DA:308,1
DA:309,1
DA:312,3
DA:315,3
DA:319,54
DA:320,54
DA:324,27
DA:327,27
DA:328,27
DA:329,27
DA:331,27
DA:332,120
DA:333,120
DA:334,120
DA:335,120
DA:339,27
DA:349,27
DA:354,1
DA:357,1
DA:358,0
DA:359,0
DA:360,0
DA:363,0
LF:115
LH:57
BRDA:86,0,0,0
BRDA:108,1,0,0
BRDA:120,2,0,0
BRDA:120,2,1,0
BRDA:124,3,0,0
BRDA:124,3,1,0
BRDA:150,4,0,0
BRDA:150,4,1,0
BRDA:151,5,0,0
BRDA:151,5,1,0
BRDA:152,6,0,0
BRDA:152,6,1,0
BRDA:153,7,0,0
BRDA:153,7,1,0
BRDA:154,8,0,0
BRDA:154,8,1,0
BRDA:155,9,0,0
BRDA:155,9,1,0
BRDA:187,10,0,0
BRDA:187,11,0,0
BRDA:187,11,1,0
BRDA:189,12,0,0
BRDA:189,12,1,0
BRDA:190,13,0,0
BRDA:190,13,1,0
BRDA:206,14,0,0
BRDA:206,15,0,0
BRDA:206,15,1,0
BRDA:206,15,2,0
BRDA:212,16,0,0
BRDA:212,17,0,0
BRDA:212,17,1,0
BRDA:214,18,0,0
BRDA:214,18,1,0
BRDA:215,19,0,0
BRDA:215,19,1,0
BRDA:228,20,0,0
BRDA:236,21,0,0
BRDA:236,21,1,0
BRDA:244,22,0,0
BRDA:254,23,0,0
BRDA:254,23,1,0
BRDA:256,24,0,0
BRDA:273,25,0,24
BRDA:273,25,1,0
BRDA:274,26,0,24
BRDA:274,26,1,0
BRDA:275,27,0,24
BRDA:275,27,1,24
BRDA:276,28,0,24
BRDA:276,28,1,24
BRDA:301,29,0,0
BRDA:306,30,0,2
BRDA:306,30,1,1
BRDA:308,31,0,1
BRDA:332,32,0,120
BRDA:332,33,0,120
BRDA:332,33,1,120
BRDA:334,34,0,3
BRDA:335,35,0,1
BRDA:359,36,0,0
BRF:61
BRH:14
end_of_record
TN:
SF:server\usage-limits.ts
FN:11,generateUUID
FN:12,(anonymous_8)
FN:23,(anonymous_9)
FN:59,(anonymous_11)
FN:80,(anonymous_13)
FN:81,(anonymous_14)
FN:118,(anonymous_15)
FN:125,(anonymous_17)
FN:132,(anonymous_19)
FN:140,checkAndReserveQuota
FN:141,(anonymous_21)
FN:141,(anonymous_22)
FN:185,addQuotaToResponse
FN:186,(anonymous_24)
FN:189,(anonymous_25)
FNF:15
FNH:6
FNDA:0,generateUUID
FNDA:0,(anonymous_8)
FNDA:53,(anonymous_9)
FNDA:25,(anonymous_11)
FNDA:26,(anonymous_13)
FNDA:26,(anonymous_14)
FNDA:2,(anonymous_15)
FNDA:1,(anonymous_17)
FNDA:0,(anonymous_19)
FNDA:0,checkAndReserveQuota
FNDA:0,(anonymous_21)
FNDA:0,(anonymous_22)
FNDA:0,addQuotaToResponse
FNDA:0,(anonymous_24)
FNDA:0,(anonymous_25)
DA:2,1
DA:9,1
DA:12,0
DA:13,0
DA:14,0
DA:15,0
DA:19,1
DA:24,53
DA:25,53
DA:27,53
DA:28,0
DA:31,53
DA:32,53
DA:33,53
DA:34,53
DA:35,53
DA:37,53
DA:38,53
DA:39,4
DA:40,49
DA:41,5
DA:42,44
DA:43,5
DA:46,53
DA:60,25
DA:62,25
DA:63,1
DA:64,1
DA:71,1
DA:74,24
DA:81,26
DA:88,26
DA:89,26
DA:90,1
DA:91,1
DA:95,25
DA:96,25
DA:97,1
DA:101,24
DA:111,24
DA:112,24
DA:119,2
DA:126,1
DA:133,0
DA:140,1
DA:141,0
DA:142,0
DA:144,0
DA:145,0
DA:149,0
DA:150,0
DA:151,0
DA:152,0
DA:154,0
DA:155,0
DA:163,0
DA:164,0
DA:171,0
DA:172,0
DA:174,0
DA:176,0
DA:177,0
DA:185,1
DA:186,0
DA:187,0
DA:189,0
DA:190,0
DA:191,0
DA:193,0
DA:196,0
LF:70
LH:40
BRDA:14,0,0,0
BRDA:14,0,1,0
BRDA:24,1,0,53
BRDA:24,1,1,53
BRDA:27,2,0,0
BRDA:33,3,0,53
BRDA:33,3,1,5
BRDA:33,4,0,5
BRDA:33,4,1,48
BRDA:33,5,0,53
BRDA:33,5,1,53
BRDA:35,6,0,53
BRDA:35,6,1,0
BRDA:38,7,0,4
BRDA:38,7,1,49
BRDA:40,8,0,5
BRDA:40,8,1,44
BRDA:42,9,0,5
BRDA:62,10,0,1
BRDA:67,11,0,1
BRDA:67,11,1,0
BRDA:67,12,0,0
BRDA:67,12,1,1
BRDA:67,13,0,1
BRDA:67,13,1,1
BRDA:83,14,0,26
BRDA:89,15,0,1
BRDA:96,16,0,1
BRDA:106,17,0,24
BRDA:106,17,1,24
BRDA:107,18,0,24
BRDA:107,18,1,24
BRDA:144,19,0,0
BRDA:149,20,0,0
BRDA:149,20,1,0
BRDA:150,21,0,0
BRDA:150,21,1,0
BRDA:163,22,0,0
BRDA:190,23,0,0
BRDA:190,24,0,0
BRDA:190,24,1,0
BRDA:190,24,2,0
BRF:42
BRH:26
end_of_record
TN:
SF:shared\schema.ts
FNF:0
FNH:0
DA:1,1
DA:2,1
DA:3,1
DA:6,1
DA:27,1
DA:36,1
DA:46,1
DA:55,1
DA:70,1
DA:81,1
DA:96,1
DA:110,1
DA:119,1
DA:120,1
DA:121,1
DA:122,1
DA:123,1
DA:124,1
DA:125,1
DA:126,1
DA:147,1
DA:161,1
DA:172,1
DA:184,1
DA:194,1
LF:25
LH:25
BRF:0
BRH:0
end_of_record
